#
# There is insufficient memory for the Java Runtime Environment to continue.
# Native memory allocation (mmap) failed to map 65011712 bytes for committing reserved memory.
# Possible reasons:
#   The system is out of physical RAM or swap space
#   In 32 bit mode, the process size limit was hit
# Possible solutions:
#   Reduce memory load on the system
#   Increase physical memory or swap space
#   Check if swap backing store is full
#   Use 64 bit Java on a 64 bit OS
#   Decrease Java heap size (-Xmx/-Xms)
#   Decrease number of Java threads
#   Decrease Java thread stack sizes (-Xss)
#   Set larger code cache with -XX:ReservedCodeCacheSize=
# This output file may be truncated or incomplete.
#
#  Out of Memory Error (os_linux.cpp:2637), pid=15353, tid=15362
#
# JRE version: OpenJDK Runtime Environment (9.0) (build 9-internal+0-2016-04-14-195246.buildd.src)
# Java VM: OpenJDK 64-Bit Server VM (9-internal+0-2016-04-14-195246.buildd.src, mixed mode, tiered, compressed oops, g1 gc, linux-amd64)
# Core dump will be written. Default location: Core dumps may be processed with "/usr/share/apport/apport %p %s %c %d %P" (or dumping to /home/bwaters/Documents/personal_projects/foodMonitoringNLP/core.15353)
#

---------------  S U M M A R Y ------------

Command Line: -XX:ParallelGCThreads=2 -Xmx500m ark-tweet-nlp-0.3.2.jar --output-format conll

Host: Intel(R) Core(TM) i7 CPU       M 640  @ 2.80GHz, 4 cores, 3G, Ubuntu 16.04.1 LTS
Time: Sun Feb  4 18:16:25 2018 EST elapsed time: 7 seconds (0d 0h 0m 7s)

---------------  T H R E A D  ---------------

Current thread (0x00007fb83c152800):  VMThread [stack: 0x00007fb80ce2e000,0x00007fb80cf2f000] [id=15362]

Stack: [0x00007fb80ce2e000,0x00007fb80cf2f000],  sp=0x00007fb80cf2d100,  free space=1020k
Native frames: (J=compiled Java code, j=interpreted, Vv=VM code, C=native code)
V  [libjvm.so+0xc120e0]
V  [libjvm.so+0xc12bdb]
V  [libjvm.so+0x5c61e2]
V  [libjvm.so+0xa3fa01]
V  [libjvm.so+0xa3a51c]
V  [libjvm.so+0x6c74c4]
V  [libjvm.so+0x6c77e1]
V  [libjvm.so+0x6cab55]
V  [libjvm.so+0x748c38]
V  [libjvm.so+0x749817]
V  [libjvm.so+0x749c8a]
V  [libjvm.so+0x68c2ec]
V  [libjvm.so+0x6922a6]
V  [libjvm.so+0xc22922]
V  [libjvm.so+0xc214d4]
V  [libjvm.so+0xc1f8dc]
V  [libjvm.so+0xc20037]
V  [libjvm.so+0xc20571]
V  [libjvm.so+0xa454a0]

VM_Operation (0x00007fb8436e3ca0): G1IncCollectionPause, mode: safepoint, requested by thread 0x00007fb83c011000


---------------  P R O C E S S  ---------------

Java Threads: ( => current thread )
  0x00007fb83c26b800 JavaThread "Service Thread" daemon [_thread_blocked, id=15372, stack(0x00007fb7df9e7000,0x00007fb7dfae8000)]
  0x00007fb83c1ae000 JavaThread "Common-Cleaner" daemon [_thread_blocked, id=15371, stack(0x00007fb80c03a000,0x00007fb80c13b000)]
  0x00007fb83c17e800 JavaThread "Sweeper thread" daemon [_thread_blocked, id=15370, stack(0x00007fb80c34e000,0x00007fb80c44f000)]
  0x00007fb83c17c800 JavaThread "C1 CompilerThread2" daemon [_thread_blocked, id=15369, stack(0x00007fb80c44f000,0x00007fb80c550000)]
  0x00007fb83c17a800 JavaThread "C2 CompilerThread1" daemon [_thread_blocked, id=15368, stack(0x00007fb80c550000,0x00007fb80c651000)]
  0x00007fb83c178800 JavaThread "C2 CompilerThread0" daemon [_thread_blocked, id=15367, stack(0x00007fb80c651000,0x00007fb80c752000)]
  0x00007fb83c174800 JavaThread "Signal Dispatcher" daemon [_thread_blocked, id=15366, stack(0x00007fb80c752000,0x00007fb80c853000)]
  0x00007fb83c172800 JavaThread "Surrogate Locker Thread (Concurrent GC)" daemon [_thread_blocked, id=15365, stack(0x00007fb80c853000,0x00007fb80c954000)]
  0x00007fb83c160800 JavaThread "Finalizer" daemon [_thread_blocked, id=15364, stack(0x00007fb80cc2c000,0x00007fb80cd2d000)]
  0x00007fb83c15c800 JavaThread "Reference Handler" daemon [_thread_blocked, id=15363, stack(0x00007fb80cd2d000,0x00007fb80ce2e000)]
  0x00007fb83c011000 JavaThread "main" [_thread_blocked, id=15354, stack(0x00007fb8435e5000,0x00007fb8436e6000)]

Other Threads:
=>0x00007fb83c152800 VMThread [stack: 0x00007fb80ce2e000,0x00007fb80cf2f000] [id=15362]
  0x00007fb83c26e800 WatcherThread [stack: 0x00007fb7df8e6000,0x00007fb7df9e7000] [id=15373]

Threads with active compile tasks:

VM state:at safepoint (normal execution)

VM Mutex/Monitor currently owned by a thread:  ([mutex/lock_event])
[0x00007fb83c00d860] Threads_lock - owner thread: 0x00007fb83c152800
[0x00007fb83c00dd60] Heap_lock - owner thread: 0x00007fb83c011000

heap address: 0x00000000e0c00000, size: 500 MB, Compressed Oops mode: 32-bit
Narrow klass base: 0x0000000000000000, Narrow klass shift: 3
Compressed class space size: 1073741824 Address: 0x0000000100000000

Heap:
 garbage-first heap   total 418816K, used 112640K [0x00000000e0c00000, 0x00000000e0d00cc8, 0x0000000100000000)
  region size 1024K, 3 young (3072K), 3 survivors (3072K)
 Metaspace       used 9401K, capacity 9546K, committed 9728K, reserved 1058816K
  class space    used 974K, capacity 1019K, committed 1024K, reserved 1048576K

Heap Regions: E=young(eden), S=young(survivor), O=old, HS=humongous(starts), HC=humongous(continues), CS=collection set, F=free, A=archive, TS=gc time stamp, AC=allocation context, TAMS=top-at-mark-start (previous, next)
|   0|0x00000000e0c00000, 0x00000000e0d00000, 0x00000000e0d00000|100%| O|  |TS  3|AC  0|TAMS 0x00000000e0c00000, 0x00000000e0c00000|
|   1|0x00000000e0d00000, 0x00000000e0e00000, 0x00000000e0e00000|100%|HS|  |TS  0|AC  0|TAMS 0x00000000e0d00000, 0x00000000e0d00000|
|   2|0x00000000e0e00000, 0x00000000e0f00000, 0x00000000e0f00000|100%| O|  |TS  3|AC  0|TAMS 0x00000000e0e00000, 0x00000000e0e00000|
|   3|0x00000000e0f00000, 0x00000000e1000000, 0x00000000e1000000|100%| O|  |TS  3|AC  0|TAMS 0x00000000e0f00000, 0x00000000e0f00000|
|   4|0x00000000e1000000, 0x00000000e1100000, 0x00000000e1100000|100%| O|  |TS  5|AC  0|TAMS 0x00000000e1000000, 0x00000000e1000000|
|   5|0x00000000e1100000, 0x00000000e1200000, 0x00000000e1200000|100%| O|  |TS  5|AC  0|TAMS 0x00000000e1100000, 0x00000000e1100000|
|   6|0x00000000e1200000, 0x00000000e1300000, 0x00000000e1300000|100%| O|  |TS  5|AC  0|TAMS 0x00000000e1200000, 0x00000000e1200000|
|   7|0x00000000e1300000, 0x00000000e1400000, 0x00000000e1400000|100%| O|  |TS  5|AC  0|TAMS 0x00000000e1300000, 0x00000000e1300000|
|   8|0x00000000e1400000, 0x00000000e1500000, 0x00000000e1500000|100%| O|  |TS  5|AC  0|TAMS 0x00000000e1400000, 0x00000000e1400000|
|   9|0x00000000e1500000, 0x00000000e1600000, 0x00000000e1600000|100%| O|  |TS  5|AC  0|TAMS 0x00000000e1500000, 0x00000000e1500000|
|  10|0x00000000e1600000, 0x00000000e1700000, 0x00000000e1700000|100%| O|  |TS  7|AC  0|TAMS 0x00000000e1600000, 0x00000000e1600000|
|  11|0x00000000e1700000, 0x00000000e1800000, 0x00000000e1800000|100%| O|  |TS  7|AC  0|TAMS 0x00000000e1700000, 0x00000000e1700000|
|  12|0x00000000e1800000, 0x00000000e1900000, 0x00000000e1900000|100%| O|  |TS  9|AC  0|TAMS 0x00000000e1800000, 0x00000000e1800000|
|  13|0x00000000e1900000, 0x00000000e1a00000, 0x00000000e1a00000|100%| O|  |TS  9|AC  0|TAMS 0x00000000e1900000, 0x00000000e1900000|
|  14|0x00000000e1a00000, 0x00000000e1b00000, 0x00000000e1b00000|100%| O|  |TS  9|AC  0|TAMS 0x00000000e1a00000, 0x00000000e1a00000|
|  15|0x00000000e1b00000, 0x00000000e1c00000, 0x00000000e1c00000|100%| O|  |TS  9|AC  0|TAMS 0x00000000e1b00000, 0x00000000e1b00000|
|  16|0x00000000e1c00000, 0x00000000e1d00000, 0x00000000e1d00000|100%| O|  |TS  9|AC  0|TAMS 0x00000000e1c00000, 0x00000000e1c00000|
|  17|0x00000000e1d00000, 0x00000000e1e00000, 0x00000000e1e00000|100%| O|  |TS 11|AC  0|TAMS 0x00000000e1d00000, 0x00000000e1d00000|
|  18|0x00000000e1e00000, 0x00000000e1f00000, 0x00000000e1f00000|100%| O|  |TS 11|AC  0|TAMS 0x00000000e1e00000, 0x00000000e1e00000|
|  19|0x00000000e1f00000, 0x00000000e2000000, 0x00000000e2000000|100%| O|  |TS 13|AC  0|TAMS 0x00000000e1f00000, 0x00000000e1f00000|
|  20|0x00000000e2000000, 0x00000000e2100000, 0x00000000e2100000|100%| O|  |TS 13|AC  0|TAMS 0x00000000e2000000, 0x00000000e2000000|
|  21|0x00000000e2100000, 0x00000000e2200000, 0x00000000e2200000|100%| O|  |TS 15|AC  0|TAMS 0x00000000e2100000, 0x00000000e2100000|
|  22|0x00000000e2200000, 0x00000000e2300000, 0x00000000e2300000|100%| O|  |TS 15|AC  0|TAMS 0x00000000e2200000, 0x00000000e2200000|
|  23|0x00000000e2300000, 0x00000000e2400000, 0x00000000e2400000|100%|HS|  |TS  3|AC  0|TAMS 0x00000000e2300000, 0x00000000e2300000|
|  24|0x00000000e2400000, 0x00000000e2500000, 0x00000000e2500000|100%| O|  |TS 17|AC  0|TAMS 0x00000000e2400000, 0x00000000e2400000|
|  25|0x00000000e2500000, 0x00000000e2600000, 0x00000000e2600000|100%| O|  |TS 17|AC  0|TAMS 0x00000000e2500000, 0x00000000e2500000|
|  26|0x00000000e2600000, 0x00000000e2700000, 0x00000000e2700000|100%| O|  |TS 19|AC  0|TAMS 0x00000000e2600000, 0x00000000e2600000|
|  27|0x00000000e2700000, 0x00000000e2800000, 0x00000000e2800000|100%|HS|  |TS  0|AC  0|TAMS 0x00000000e2700000, 0x00000000e2700000|
|  28|0x00000000e2800000, 0x00000000e2900000, 0x00000000e2900000|100%|HC|  |TS  0|AC  0|TAMS 0x00000000e2800000, 0x00000000e2800000|
|  29|0x00000000e2900000, 0x00000000e2a00000, 0x00000000e2a00000|100%| O|  |TS 19|AC  0|TAMS 0x00000000e2900000, 0x00000000e2900000|
|  30|0x00000000e2a00000, 0x00000000e2b00000, 0x00000000e2b00000|100%| O|  |TS 19|AC  0|TAMS 0x00000000e2a00000, 0x00000000e2a00000|
|  31|0x00000000e2b00000, 0x00000000e2c00000, 0x00000000e2c00000|100%| O|  |TS 19|AC  0|TAMS 0x00000000e2b00000, 0x00000000e2b00000|
|  32|0x00000000e2c00000, 0x00000000e2d00000, 0x00000000e2d00000|100%| O|  |TS 21|AC  0|TAMS 0x00000000e2c00000, 0x00000000e2c00000|
|  33|0x00000000e2d00000, 0x00000000e2e00000, 0x00000000e2e00000|100%| O|  |TS 21|AC  0|TAMS 0x00000000e2d00000, 0x00000000e2d00000|
|  34|0x00000000e2e00000, 0x00000000e2f00000, 0x00000000e2f00000|100%| O|  |TS 21|AC  0|TAMS 0x00000000e2e00000, 0x00000000e2e00000|
|  35|0x00000000e2f00000, 0x00000000e3000000, 0x00000000e3000000|100%| O|  |TS 21|AC  0|TAMS 0x00000000e2f00000, 0x00000000e2f00000|
|  36|0x00000000e3000000, 0x00000000e3100000, 0x00000000e3100000|100%| O|  |TS 23|AC  0|TAMS 0x00000000e3000000, 0x00000000e3000000|
|  37|0x00000000e3100000, 0x00000000e3200000, 0x00000000e3200000|100%| O|  |TS 23|AC  0|TAMS 0x00000000e3100000, 0x00000000e3100000|
|  38|0x00000000e3200000, 0x00000000e3300000, 0x00000000e3300000|100%| O|  |TS 25|AC  0|TAMS 0x00000000e3200000, 0x00000000e3200000|
|  39|0x00000000e3300000, 0x00000000e3400000, 0x00000000e3400000|100%| O|  |TS 25|AC  0|TAMS 0x00000000e3300000, 0x00000000e3300000|
|  40|0x00000000e3400000, 0x00000000e3500000, 0x00000000e3500000|100%| O|  |TS 25|AC  0|TAMS 0x00000000e3400000, 0x00000000e3400000|
|  41|0x00000000e3500000, 0x00000000e3600000, 0x00000000e3600000|100%| O|  |TS 25|AC  0|TAMS 0x00000000e3500000, 0x00000000e3500000|
|  42|0x00000000e3600000, 0x00000000e3700000, 0x00000000e3700000|100%| O|  |TS 27|AC  0|TAMS 0x00000000e3600000, 0x00000000e3600000|
|  43|0x00000000e3700000, 0x00000000e3800000, 0x00000000e3800000|100%|HS|  |TS  0|AC  0|TAMS 0x00000000e3700000, 0x00000000e3700000|
|  44|0x00000000e3800000, 0x00000000e3900000, 0x00000000e3900000|100%|HC|  |TS  0|AC  0|TAMS 0x00000000e3800000, 0x00000000e3800000|
|  45|0x00000000e3900000, 0x00000000e3a00000, 0x00000000e3a00000|100%|HC|  |TS  0|AC  0|TAMS 0x00000000e3900000, 0x00000000e3900000|
|  46|0x00000000e3a00000, 0x00000000e3b00000, 0x00000000e3b00000|100%| O|  |TS 27|AC  0|TAMS 0x00000000e3a00000, 0x00000000e3a00000|
|  47|0x00000000e3b00000, 0x00000000e3c00000, 0x00000000e3c00000|100%| O|  |TS 27|AC  0|TAMS 0x00000000e3b00000, 0x00000000e3b00000|
|  48|0x00000000e3c00000, 0x00000000e3d00000, 0x00000000e3d00000|100%| O|  |TS 27|AC  0|TAMS 0x00000000e3c00000, 0x00000000e3c00000|
|  49|0x00000000e3d00000, 0x00000000e3e00000, 0x00000000e3e00000|100%| O|  |TS 29|AC  0|TAMS 0x00000000e3d00000, 0x00000000e3d00000|
|  50|0x00000000e3e00000, 0x00000000e3f00000, 0x00000000e3f00000|100%|HS|  |TS  0|AC  0|TAMS 0x00000000e3e00000, 0x00000000e3e00000|
|  51|0x00000000e3f00000, 0x00000000e4000000, 0x00000000e4000000|100%|HS|  |TS  0|AC  0|TAMS 0x00000000e3f00000, 0x00000000e3f00000|
|  52|0x00000000e4000000, 0x00000000e4100000, 0x00000000e4100000|100%|HC|  |TS  0|AC  0|TAMS 0x00000000e4000000, 0x00000000e4000000|
|  53|0x00000000e4100000, 0x00000000e4200000, 0x00000000e4200000|100%| O|  |TS 29|AC  0|TAMS 0x00000000e4100000, 0x00000000e4100000|
|  54|0x00000000e4200000, 0x00000000e4300000, 0x00000000e4300000|100%| O|  |TS 29|AC  0|TAMS 0x00000000e4200000, 0x00000000e4200000|
|  55|0x00000000e4300000, 0x00000000e4400000, 0x00000000e4400000|100%| O|  |TS 29|AC  0|TAMS 0x00000000e4300000, 0x00000000e4300000|
|  56|0x00000000e4400000, 0x00000000e4500000, 0x00000000e4500000|100%| O|  |TS 29|AC  0|TAMS 0x00000000e4400000, 0x00000000e4400000|
|  57|0x00000000e4500000, 0x00000000e4600000, 0x00000000e4600000|100%| O|  |TS 29|AC  0|TAMS 0x00000000e4500000, 0x00000000e4500000|
|  58|0x00000000e4600000, 0x00000000e4700000, 0x00000000e4700000|100%| O|  |TS 29|AC  0|TAMS 0x00000000e4600000, 0x00000000e4600000|
|  59|0x00000000e4700000, 0x00000000e4800000, 0x00000000e4800000|100%| O|  |TS 29|AC  0|TAMS 0x00000000e4700000, 0x00000000e4700000|
|  60|0x00000000e4800000, 0x00000000e4900000, 0x00000000e4900000|100%| O|  |TS 29|AC  0|TAMS 0x00000000e4800000, 0x00000000e4800000|
|  61|0x00000000e4900000, 0x00000000e4a00000, 0x00000000e4a00000|100%| O|  |TS 29|AC  0|TAMS 0x00000000e4900000, 0x00000000e4900000|
|  62|0x00000000e4a00000, 0x00000000e4b00000, 0x00000000e4b00000|100%| O|  |TS 29|AC  0|TAMS 0x00000000e4a00000, 0x00000000e4a00000|
|  63|0x00000000e4b00000, 0x00000000e4c00000, 0x00000000e4c00000|100%| O|  |TS 29|AC  0|TAMS 0x00000000e4b00000, 0x00000000e4b00000|
|  64|0x00000000e4c00000, 0x00000000e4d00000, 0x00000000e4d00000|100%| O|  |TS 29|AC  0|TAMS 0x00000000e4c00000, 0x00000000e4c00000|
|  65|0x00000000e4d00000, 0x00000000e4e00000, 0x00000000e4e00000|100%| O|  |TS 29|AC  0|TAMS 0x00000000e4d00000, 0x00000000e4d00000|
|  66|0x00000000e4e00000, 0x00000000e4f00000, 0x00000000e4f00000|100%| O|  |TS 29|AC  0|TAMS 0x00000000e4e00000, 0x00000000e4e00000|
|  67|0x00000000e4f00000, 0x00000000e5000000, 0x00000000e5000000|100%| O|  |TS 29|AC  0|TAMS 0x00000000e4f00000, 0x00000000e4f00000|
|  68|0x00000000e5000000, 0x00000000e5100000, 0x00000000e5100000|100%| O|  |TS 29|AC  0|TAMS 0x00000000e5000000, 0x00000000e5000000|
|  69|0x00000000e5100000, 0x00000000e5200000, 0x00000000e5200000|100%| O|  |TS 31|AC  0|TAMS 0x00000000e5100000, 0x00000000e5100000|
|  70|0x00000000e5200000, 0x00000000e5300000, 0x00000000e5300000|100%|HS|  |TS  7|AC  0|TAMS 0x00000000e5200000, 0x00000000e5200000|
|  71|0x00000000e5300000, 0x00000000e5400000, 0x00000000e5400000|100%| O|  |TS 31|AC  0|TAMS 0x00000000e5300000, 0x00000000e5300000|
|  72|0x00000000e5400000, 0x00000000e5500000, 0x00000000e5500000|100%| O|  |TS 31|AC  0|TAMS 0x00000000e5400000, 0x00000000e5400000|
|  73|0x00000000e5500000, 0x00000000e5600000, 0x00000000e5600000|100%| O|  |TS 31|AC  0|TAMS 0x00000000e5500000, 0x00000000e5500000|
|  74|0x00000000e5600000, 0x00000000e5700000, 0x00000000e5700000|100%| O|  |TS 31|AC  0|TAMS 0x00000000e5600000, 0x00000000e5600000|
|  75|0x00000000e5700000, 0x00000000e5800000, 0x00000000e5800000|100%| O|  |TS 31|AC  0|TAMS 0x00000000e5700000, 0x00000000e5700000|
|  76|0x00000000e5800000, 0x00000000e5900000, 0x00000000e5900000|100%| O|  |TS 31|AC  0|TAMS 0x00000000e5800000, 0x00000000e5800000|
|  77|0x00000000e5900000, 0x00000000e5a00000, 0x00000000e5a00000|100%| O|  |TS 31|AC  0|TAMS 0x00000000e5900000, 0x00000000e5900000|
|  78|0x00000000e5a00000, 0x00000000e5b00000, 0x00000000e5b00000|100%| O|  |TS 31|AC  0|TAMS 0x00000000e5a00000, 0x00000000e5a00000|
|  79|0x00000000e5b00000, 0x00000000e5c00000, 0x00000000e5c00000|100%| O|  |TS 31|AC  0|TAMS 0x00000000e5b00000, 0x00000000e5b00000|
|  80|0x00000000e5c00000, 0x00000000e5d00000, 0x00000000e5d00000|100%| O|  |TS 31|AC  0|TAMS 0x00000000e5c00000, 0x00000000e5c00000|
|  81|0x00000000e5d00000, 0x00000000e5e00000, 0x00000000e5e00000|100%| O|  |TS 31|AC  0|TAMS 0x00000000e5d00000, 0x00000000e5d00000|
|  82|0x00000000e5e00000, 0x00000000e5f00000, 0x00000000e5f00000|100%| O|  |TS 31|AC  0|TAMS 0x00000000e5e00000, 0x00000000e5e00000|
|  83|0x00000000e5f00000, 0x00000000e6000000, 0x00000000e6000000|100%| O|  |TS 31|AC  0|TAMS 0x00000000e5f00000, 0x00000000e5f00000|
|  84|0x00000000e6000000, 0x00000000e6100000, 0x00000000e6100000|100%|HS|  |TS  7|AC  0|TAMS 0x00000000e6000000, 0x00000000e6000000|
|  85|0x00000000e6100000, 0x00000000e6200000, 0x00000000e6200000|100%|HC|  |TS  7|AC  0|TAMS 0x00000000e6100000, 0x00000000e6100000|
|  86|0x00000000e6200000, 0x00000000e6300000, 0x00000000e6300000|100%| O|  |TS 33|AC  0|TAMS 0x00000000e6200000, 0x00000000e6200000|
|  87|0x00000000e6300000, 0x00000000e6400000, 0x00000000e6400000|100%| O|  |TS 33|AC  0|TAMS 0x00000000e6300000, 0x00000000e6300000|
|  88|0x00000000e6400000, 0x00000000e6500000, 0x00000000e6500000|100%| O|  |TS 33|AC  0|TAMS 0x00000000e6400000, 0x00000000e6400000|
|  89|0x00000000e6500000, 0x00000000e6600000, 0x00000000e6600000|100%| O|  |TS 33|AC  0|TAMS 0x00000000e6500000, 0x00000000e6500000|
|  90|0x00000000e6600000, 0x00000000e6700000, 0x00000000e6700000|100%| O|  |TS 33|AC  0|TAMS 0x00000000e6600000, 0x00000000e6600000|
|  91|0x00000000e6700000, 0x00000000e6800000, 0x00000000e6800000|100%| O|  |TS 33|AC  0|TAMS 0x00000000e6700000, 0x00000000e6700000|
|  92|0x00000000e6800000, 0x00000000e6900000, 0x00000000e6900000|100%| O|  |TS 33|AC  0|TAMS 0x00000000e6800000, 0x00000000e6800000|
|  93|0x00000000e6900000, 0x00000000e6a00000, 0x00000000e6a00000|100%| O|  |TS 33|AC  0|TAMS 0x00000000e6900000, 0x00000000e6900000|
|  94|0x00000000e6a00000, 0x00000000e6b00000, 0x00000000e6b00000|100%| O|  |TS 33|AC  0|TAMS 0x00000000e6a00000, 0x00000000e6a00000|
|  95|0x00000000e6b00000, 0x00000000e6c00000, 0x00000000e6c00000|100%| O|  |TS 33|AC  0|TAMS 0x00000000e6b00000, 0x00000000e6b00000|
|  96|0x00000000e6c00000, 0x00000000e6d00000, 0x00000000e6d00000|100%| O|  |TS 33|AC  0|TAMS 0x00000000e6c00000, 0x00000000e6c00000|
|  97|0x00000000e6d00000, 0x00000000e6e00000, 0x00000000e6e00000|100%| O|  |TS 33|AC  0|TAMS 0x00000000e6d00000, 0x00000000e6d00000|
|  98|0x00000000e6e00000, 0x00000000e6f00000, 0x00000000e6f00000|100%| O|  |TS 33|AC  0|TAMS 0x00000000e6e00000, 0x00000000e6e00000|
|  99|0x00000000e6f00000, 0x00000000e7000000, 0x00000000e7000000|100%| O|  |TS 33|AC  0|TAMS 0x00000000e6f00000, 0x00000000e6f00000|
| 100|0x00000000e7000000, 0x00000000e7100000, 0x00000000e7100000|100%| O|  |TS 35|AC  0|TAMS 0x00000000e7000000, 0x00000000e7000000|
| 101|0x00000000e7100000, 0x00000000e7200000, 0x00000000e7200000|100%| O|  |TS 35|AC  0|TAMS 0x00000000e7100000, 0x00000000e7100000|
| 102|0x00000000e7200000, 0x00000000e7300000, 0x00000000e7300000|100%| O|  |TS 35|AC  0|TAMS 0x00000000e7200000, 0x00000000e7200000|
| 103|0x00000000e7300000, 0x00000000e7400000, 0x00000000e7400000|100%| O|  |TS 35|AC  0|TAMS 0x00000000e7300000, 0x00000000e7300000|
| 104|0x00000000e7400000, 0x00000000e7500000, 0x00000000e7500000|100%| O|  |TS 35|AC  0|TAMS 0x00000000e7400000, 0x00000000e7400000|
| 105|0x00000000e7500000, 0x00000000e7600000, 0x00000000e7600000|100%| O|  |TS 35|AC  0|TAMS 0x00000000e7500000, 0x00000000e7500000|
| 106|0x00000000e7600000, 0x00000000e7700000, 0x00000000e7700000|100%| O|  |TS 35|AC  0|TAMS 0x00000000e7600000, 0x00000000e7600000|
| 107|0x00000000e7700000, 0x00000000e7700000, 0x00000000e7800000|  0%| F|  |TS  7|AC  0|TAMS 0x00000000e7700000, 0x00000000e7700000|
| 108|0x00000000e7800000, 0x00000000e7800000, 0x00000000e7900000|  0%| F|  |TS  7|AC  0|TAMS 0x00000000e7800000, 0x00000000e7800000|
| 109|0x00000000e7900000, 0x00000000e7900000, 0x00000000e7a00000|  0%| F|  |TS  7|AC  0|TAMS 0x00000000e7900000, 0x00000000e7900000|
| 110|0x00000000e7a00000, 0x00000000e7a00000, 0x00000000e7b00000|  0%| F|  |TS  7|AC  0|TAMS 0x00000000e7a00000, 0x00000000e7a00000|
| 111|0x00000000e7b00000, 0x00000000e7b00000, 0x00000000e7c00000|  0%| F|  |TS  7|AC  0|TAMS 0x00000000e7b00000, 0x00000000e7b00000|
| 112|0x00000000e7c00000, 0x00000000e7c00000, 0x00000000e7d00000|  0%| F|  |TS  7|AC  0|TAMS 0x00000000e7c00000, 0x00000000e7c00000|
| 113|0x00000000e7d00000, 0x00000000e7d00000, 0x00000000e7e00000|  0%| F|  |TS  7|AC  0|TAMS 0x00000000e7d00000, 0x00000000e7d00000|
| 114|0x00000000e7e00000, 0x00000000e7e00000, 0x00000000e7f00000|  0%| F|  |TS  7|AC  0|TAMS 0x00000000e7e00000, 0x00000000e7e00000|
| 115|0x00000000e7f00000, 0x00000000e7f00000, 0x00000000e8000000|  0%| F|  |TS  7|AC  0|TAMS 0x00000000e7f00000, 0x00000000e7f00000|
| 116|0x00000000e8000000, 0x00000000e8000000, 0x00000000e8100000|  0%| F|  |TS  7|AC  0|TAMS 0x00000000e8000000, 0x00000000e8000000|
| 117|0x00000000e8100000, 0x00000000e8100000, 0x00000000e8200000|  0%| F|  |TS  7|AC  0|TAMS 0x00000000e8100000, 0x00000000e8100000|
| 118|0x00000000e8200000, 0x00000000e8200000, 0x00000000e8300000|  0%| F|  |TS  7|AC  0|TAMS 0x00000000e8200000, 0x00000000e8200000|
| 119|0x00000000e8300000, 0x00000000e8300000, 0x00000000e8400000|  0%| F|  |TS  7|AC  0|TAMS 0x00000000e8300000, 0x00000000e8300000|
| 120|0x00000000e8400000, 0x00000000e8400000, 0x00000000e8500000|  0%| F|  |TS  7|AC  0|TAMS 0x00000000e8400000, 0x00000000e8400000|
| 121|0x00000000e8500000, 0x00000000e8500000, 0x00000000e8600000|  0%| F|  |TS  7|AC  0|TAMS 0x00000000e8500000, 0x00000000e8500000|
| 122|0x00000000e8600000, 0x00000000e8600000, 0x00000000e8700000|  0%| F|  |TS  7|AC  0|TAMS 0x00000000e8600000, 0x00000000e8600000|
| 123|0x00000000e8700000, 0x00000000e8700000, 0x00000000e8800000|  0%| F|  |TS  7|AC  0|TAMS 0x00000000e8700000, 0x00000000e8700000|
| 124|0x00000000e8800000, 0x00000000e8800000, 0x00000000e8900000|  0%| F|  |TS  7|AC  0|TAMS 0x00000000e8800000, 0x00000000e8800000|
| 125|0x00000000e8900000, 0x00000000e8900000, 0x00000000e8a00000|  0%| F|  |TS  7|AC  0|TAMS 0x00000000e8900000, 0x00000000e8900000|
| 126|0x00000000e8a00000, 0x00000000e8a00000, 0x00000000e8b00000|  0%| F|  |TS  7|AC  0|TAMS 0x00000000e8a00000, 0x00000000e8a00000|
| 127|0x00000000e8b00000, 0x00000000e8b00000, 0x00000000e8c00000|  0%| F|  |TS  7|AC  0|TAMS 0x00000000e8b00000, 0x00000000e8b00000|
| 128|0x00000000e8c00000, 0x00000000e8c00000, 0x00000000e8d00000|  0%| F|  |TS  7|AC  0|TAMS 0x00000000e8c00000, 0x00000000e8c00000|
| 129|0x00000000e8d00000, 0x00000000e8d00000, 0x00000000e8e00000|  0%| F|  |TS  7|AC  0|TAMS 0x00000000e8d00000, 0x00000000e8d00000|
| 130|0x00000000e8e00000, 0x00000000e8e00000, 0x00000000e8f00000|  0%| F|  |TS  7|AC  0|TAMS 0x00000000e8e00000, 0x00000000e8e00000|
| 131|0x00000000e8f00000, 0x00000000e8f00000, 0x00000000e9000000|  0%| F|  |TS  7|AC  0|TAMS 0x00000000e8f00000, 0x00000000e8f00000|
| 132|0x00000000e9000000, 0x00000000e9000000, 0x00000000e9100000|  0%| F|  |TS  7|AC  0|TAMS 0x00000000e9000000, 0x00000000e9000000|
| 133|0x00000000e9100000, 0x00000000e9100000, 0x00000000e9200000|  0%| F|  |TS  7|AC  0|TAMS 0x00000000e9100000, 0x00000000e9100000|
| 134|0x00000000e9200000, 0x00000000e9200000, 0x00000000e9300000|  0%| F|  |TS  7|AC  0|TAMS 0x00000000e9200000, 0x00000000e9200000|
| 135|0x00000000e9300000, 0x00000000e9300000, 0x00000000e9400000|  0%| F|  |TS  7|AC  0|TAMS 0x00000000e9300000, 0x00000000e9300000|
| 136|0x00000000e9400000, 0x00000000e9400000, 0x00000000e9500000|  0%| F|  |TS  7|AC  0|TAMS 0x00000000e9400000, 0x00000000e9400000|
| 137|0x00000000e9500000, 0x00000000e9500000, 0x00000000e9600000|  0%| F|  |TS  7|AC  0|TAMS 0x00000000e9500000, 0x00000000e9500000|
| 138|0x00000000e9600000, 0x00000000e9600000, 0x00000000e9700000|  0%| F|  |TS  7|AC  0|TAMS 0x00000000e9600000, 0x00000000e9600000|
| 139|0x00000000e9700000, 0x00000000e9700000, 0x00000000e9800000|  0%| F|  |TS  7|AC  0|TAMS 0x00000000e9700000, 0x00000000e9700000|
| 140|0x00000000e9800000, 0x00000000e9800000, 0x00000000e9900000|  0%| F|  |TS  7|AC  0|TAMS 0x00000000e9800000, 0x00000000e9800000|
| 141|0x00000000e9900000, 0x00000000e9900000, 0x00000000e9a00000|  0%| F|  |TS  7|AC  0|TAMS 0x00000000e9900000, 0x00000000e9900000|
| 142|0x00000000e9a00000, 0x00000000e9a00000, 0x00000000e9b00000|  0%| F|  |TS  7|AC  0|TAMS 0x00000000e9a00000, 0x00000000e9a00000|
| 143|0x00000000e9b00000, 0x00000000e9b00000, 0x00000000e9c00000|  0%| F|  |TS  7|AC  0|TAMS 0x00000000e9b00000, 0x00000000e9b00000|
| 144|0x00000000e9c00000, 0x00000000e9c00000, 0x00000000e9d00000|  0%| F|  |TS  7|AC  0|TAMS 0x00000000e9c00000, 0x00000000e9c00000|
| 145|0x00000000e9d00000, 0x00000000e9d00000, 0x00000000e9e00000|  0%| F|  |TS  7|AC  0|TAMS 0x00000000e9d00000, 0x00000000e9d00000|
| 146|0x00000000e9e00000, 0x00000000e9e00000, 0x00000000e9f00000|  0%| F|  |TS  7|AC  0|TAMS 0x00000000e9e00000, 0x00000000e9e00000|
| 147|0x00000000e9f00000, 0x00000000e9f00000, 0x00000000ea000000|  0%| F|  |TS  7|AC  0|TAMS 0x00000000e9f00000, 0x00000000e9f00000|
| 148|0x00000000ea000000, 0x00000000ea000000, 0x00000000ea100000|  0%| F|  |TS  7|AC  0|TAMS 0x00000000ea000000, 0x00000000ea000000|
| 149|0x00000000ea100000, 0x00000000ea100000, 0x00000000ea200000|  0%| F|  |TS  7|AC  0|TAMS 0x00000000ea100000, 0x00000000ea100000|
| 150|0x00000000ea200000, 0x00000000ea200000, 0x00000000ea300000|  0%| F|  |TS  7|AC  0|TAMS 0x00000000ea200000, 0x00000000ea200000|
| 151|0x00000000ea300000, 0x00000000ea300000, 0x00000000ea400000|  0%| F|  |TS  7|AC  0|TAMS 0x00000000ea300000, 0x00000000ea300000|
| 152|0x00000000ea400000, 0x00000000ea400000, 0x00000000ea500000|  0%| F|  |TS 19|AC  0|TAMS 0x00000000ea400000, 0x00000000ea400000|
| 153|0x00000000ea500000, 0x00000000ea500000, 0x00000000ea600000|  0%| F|  |TS 19|AC  0|TAMS 0x00000000ea500000, 0x00000000ea500000|
| 154|0x00000000ea600000, 0x00000000ea600000, 0x00000000ea700000|  0%| F|  |TS 19|AC  0|TAMS 0x00000000ea600000, 0x00000000ea600000|
| 155|0x00000000ea700000, 0x00000000ea700000, 0x00000000ea800000|  0%| F|  |TS 19|AC  0|TAMS 0x00000000ea700000, 0x00000000ea700000|
| 156|0x00000000ea800000, 0x00000000ea800000, 0x00000000ea900000|  0%| F|  |TS 17|AC  0|TAMS 0x00000000ea800000, 0x00000000ea800000|
| 157|0x00000000ea900000, 0x00000000ea900000, 0x00000000eaa00000|  0%| F|  |TS 17|AC  0|TAMS 0x00000000ea900000, 0x00000000ea900000|
| 158|0x00000000eaa00000, 0x00000000eaa00000, 0x00000000eab00000|  0%| F|  |TS 17|AC  0|TAMS 0x00000000eaa00000, 0x00000000eaa00000|
| 159|0x00000000eab00000, 0x00000000eab00000, 0x00000000eac00000|  0%| F|  |TS 17|AC  0|TAMS 0x00000000eab00000, 0x00000000eab00000|
| 160|0x00000000eac00000, 0x00000000eac00000, 0x00000000ead00000|  0%| F|  |TS  7|AC  0|TAMS 0x00000000eac00000, 0x00000000eac00000|
| 161|0x00000000ead00000, 0x00000000ead00000, 0x00000000eae00000|  0%| F|  |TS  7|AC  0|TAMS 0x00000000ead00000, 0x00000000ead00000|
| 162|0x00000000eae00000, 0x00000000eae00000, 0x00000000eaf00000|  0%| F|  |TS 15|AC  0|TAMS 0x00000000eae00000, 0x00000000eae00000|
| 163|0x00000000eaf00000, 0x00000000eaf00000, 0x00000000eb000000|  0%| F|  |TS 15|AC  0|TAMS 0x00000000eaf00000, 0x00000000eaf00000|
| 164|0x00000000eb000000, 0x00000000eb000000, 0x00000000eb100000|  0%| F|  |TS 15|AC  0|TAMS 0x00000000eb000000, 0x00000000eb000000|
| 165|0x00000000eb100000, 0x00000000eb100000, 0x00000000eb200000|  0%| F|  |TS  7|AC  0|TAMS 0x00000000eb100000, 0x00000000eb100000|
| 166|0x00000000eb200000, 0x00000000eb200000, 0x00000000eb300000|  0%| F|  |TS  7|AC  0|TAMS 0x00000000eb200000, 0x00000000eb200000|
| 167|0x00000000eb300000, 0x00000000eb300000, 0x00000000eb400000|  0%| F|  |TS  7|AC  0|TAMS 0x00000000eb300000, 0x00000000eb300000|
| 168|0x00000000eb400000, 0x00000000eb400000, 0x00000000eb500000|  0%| F|  |TS  7|AC  0|TAMS 0x00000000eb400000, 0x00000000eb400000|
| 169|0x00000000eb500000, 0x00000000eb500000, 0x00000000eb600000|  0%| F|  |TS 13|AC  0|TAMS 0x00000000eb500000, 0x00000000eb500000|
| 170|0x00000000eb600000, 0x00000000eb600000, 0x00000000eb700000|  0%| F|  |TS 13|AC  0|TAMS 0x00000000eb600000, 0x00000000eb600000|
| 171|0x00000000eb700000, 0x00000000eb700000, 0x00000000eb800000|  0%| F|  |TS  7|AC  0|TAMS 0x00000000eb700000, 0x00000000eb700000|
| 172|0x00000000eb800000, 0x00000000eb800000, 0x00000000eb900000|  0%| F|  |TS  7|AC  0|TAMS 0x00000000eb800000, 0x00000000eb800000|
| 173|0x00000000eb900000, 0x00000000eb900000, 0x00000000eba00000|  0%| F|  |TS  7|AC  0|TAMS 0x00000000eb900000, 0x00000000eb900000|
| 174|0x00000000eba00000, 0x00000000eba00000, 0x00000000ebb00000|  0%| F|  |TS 11|AC  0|TAMS 0x00000000eba00000, 0x00000000eba00000|
| 175|0x00000000ebb00000, 0x00000000ebb00000, 0x00000000ebc00000|  0%| F|  |TS 11|AC  0|TAMS 0x00000000ebb00000, 0x00000000ebb00000|
| 176|0x00000000ebc00000, 0x00000000ebc00000, 0x00000000ebd00000|  0%| F|  |TS  9|AC  0|TAMS 0x00000000ebc00000, 0x00000000ebc00000|
| 177|0x00000000ebd00000, 0x00000000ebd00000, 0x00000000ebe00000|  0%| F|  |TS  9|AC  0|TAMS 0x00000000ebd00000, 0x00000000ebd00000|
| 178|0x00000000ebe00000, 0x00000000ebe00000, 0x00000000ebf00000|  0%| F|  |TS  7|AC  0|TAMS 0x00000000ebe00000, 0x00000000ebe00000|
| 179|0x00000000ebf00000, 0x00000000ebf00000, 0x00000000ec000000|  0%| F|  |TS  7|AC  0|TAMS 0x00000000ebf00000, 0x00000000ebf00000|
| 180|0x00000000ec000000, 0x00000000ec000000, 0x00000000ec100000|  0%| F|  |TS  7|AC  0|TAMS 0x00000000ec000000, 0x00000000ec000000|
| 181|0x00000000ec100000, 0x00000000ec100000, 0x00000000ec200000|  0%| F|  |TS  7|AC  0|TAMS 0x00000000ec100000, 0x00000000ec100000|
| 182|0x00000000ec200000, 0x00000000ec200000, 0x00000000ec300000|  0%| F|  |TS  7|AC  0|TAMS 0x00000000ec200000, 0x00000000ec200000|
| 183|0x00000000ec300000, 0x00000000ec300000, 0x00000000ec400000|  0%| F|  |TS  7|AC  0|TAMS 0x00000000ec300000, 0x00000000ec300000|
| 184|0x00000000ec400000, 0x00000000ec400000, 0x00000000ec500000|  0%| F|  |TS  7|AC  0|TAMS 0x00000000ec400000, 0x00000000ec400000|
| 185|0x00000000ec500000, 0x00000000ec500000, 0x00000000ec600000|  0%| F|  |TS  7|AC  0|TAMS 0x00000000ec500000, 0x00000000ec500000|
| 186|0x00000000ec600000, 0x00000000ec600000, 0x00000000ec700000|  0%| F|  |TS 19|AC  0|TAMS 0x00000000ec600000, 0x00000000ec600000|
| 187|0x00000000ec700000, 0x00000000ec700000, 0x00000000ec800000|  0%| F|  |TS 19|AC  0|TAMS 0x00000000ec700000, 0x00000000ec700000|
| 188|0x00000000ec800000, 0x00000000ec800000, 0x00000000ec900000|  0%| F|  |TS 19|AC  0|TAMS 0x00000000ec800000, 0x00000000ec800000|
| 189|0x00000000ec900000, 0x00000000ec900000, 0x00000000eca00000|  0%| F|  |TS 19|AC  0|TAMS 0x00000000ec900000, 0x00000000ec900000|
| 190|0x00000000eca00000, 0x00000000eca00000, 0x00000000ecb00000|  0%| F|  |TS 19|AC  0|TAMS 0x00000000eca00000, 0x00000000eca00000|
| 191|0x00000000ecb00000, 0x00000000ecb00000, 0x00000000ecc00000|  0%| F|  |TS 19|AC  0|TAMS 0x00000000ecb00000, 0x00000000ecb00000|
| 192|0x00000000ecc00000, 0x00000000ecc00000, 0x00000000ecd00000|  0%| F|  |TS 19|AC  0|TAMS 0x00000000ecc00000, 0x00000000ecc00000|
| 193|0x00000000ecd00000, 0x00000000ecd00000, 0x00000000ece00000|  0%| F|  |TS 19|AC  0|TAMS 0x00000000ecd00000, 0x00000000ecd00000|
| 194|0x00000000ece00000, 0x00000000ece00000, 0x00000000ecf00000|  0%| F|  |TS 19|AC  0|TAMS 0x00000000ece00000, 0x00000000ece00000|
| 195|0x00000000ecf00000, 0x00000000ecf00000, 0x00000000ed000000|  0%| F|  |TS 19|AC  0|TAMS 0x00000000ecf00000, 0x00000000ecf00000|
| 196|0x00000000ed000000, 0x00000000ed000000, 0x00000000ed100000|  0%| F|  |TS 19|AC  0|TAMS 0x00000000ed000000, 0x00000000ed000000|
| 197|0x00000000ed100000, 0x00000000ed100000, 0x00000000ed200000|  0%| F|  |TS 19|AC  0|TAMS 0x00000000ed100000, 0x00000000ed100000|
| 198|0x00000000ed200000, 0x00000000ed200000, 0x00000000ed300000|  0%| F|  |TS 19|AC  0|TAMS 0x00000000ed200000, 0x00000000ed200000|
| 199|0x00000000ed300000, 0x00000000ed300000, 0x00000000ed400000|  0%| F|  |TS 19|AC  0|TAMS 0x00000000ed300000, 0x00000000ed300000|
| 200|0x00000000ed400000, 0x00000000ed400000, 0x00000000ed500000|  0%| F|  |TS 19|AC  0|TAMS 0x00000000ed400000, 0x00000000ed400000|
| 201|0x00000000ed500000, 0x00000000ed500000, 0x00000000ed600000|  0%| F|  |TS 27|AC  0|TAMS 0x00000000ed500000, 0x00000000ed500000|
| 202|0x00000000ed600000, 0x00000000ed600000, 0x00000000ed700000|  0%| F|  |TS 27|AC  0|TAMS 0x00000000ed600000, 0x00000000ed600000|
| 203|0x00000000ed700000, 0x00000000ed700000, 0x00000000ed800000|  0%| F|  |TS 27|AC  0|TAMS 0x00000000ed700000, 0x00000000ed700000|
| 204|0x00000000ed800000, 0x00000000ed800000, 0x00000000ed900000|  0%| F|  |TS 27|AC  0|TAMS 0x00000000ed800000, 0x00000000ed800000|
| 205|0x00000000ed900000, 0x00000000ed900000, 0x00000000eda00000|  0%| F|  |TS 27|AC  0|TAMS 0x00000000ed900000, 0x00000000ed900000|
| 206|0x00000000eda00000, 0x00000000eda00000, 0x00000000edb00000|  0%| F|  |TS 19|AC  0|TAMS 0x00000000eda00000, 0x00000000eda00000|
| 207|0x00000000edb00000, 0x00000000edb00000, 0x00000000edc00000|  0%| F|  |TS 19|AC  0|TAMS 0x00000000edb00000, 0x00000000edb00000|
| 208|0x00000000edc00000, 0x00000000edc00000, 0x00000000edd00000|  0%| F|  |TS 19|AC  0|TAMS 0x00000000edc00000, 0x00000000edc00000|
| 209|0x00000000edd00000, 0x00000000edd00000, 0x00000000ede00000|  0%| F|  |TS 25|AC  0|TAMS 0x00000000edd00000, 0x00000000edd00000|
| 210|0x00000000ede00000, 0x00000000ede00000, 0x00000000edf00000|  0%| F|  |TS 25|AC  0|TAMS 0x00000000ede00000, 0x00000000ede00000|
| 211|0x00000000edf00000, 0x00000000edf00000, 0x00000000ee000000|  0%| F|  |TS 25|AC  0|TAMS 0x00000000edf00000, 0x00000000edf00000|
| 212|0x00000000ee000000, 0x00000000ee000000, 0x00000000ee100000|  0%| F|  |TS 25|AC  0|TAMS 0x00000000ee000000, 0x00000000ee000000|
| 213|0x00000000ee100000, 0x00000000ee100000, 0x00000000ee200000|  0%| F|  |TS 19|AC  0|TAMS 0x00000000ee100000, 0x00000000ee100000|
| 214|0x00000000ee200000, 0x00000000ee200000, 0x00000000ee300000|  0%| F|  |TS 19|AC  0|TAMS 0x00000000ee200000, 0x00000000ee200000|
| 215|0x00000000ee300000, 0x00000000ee300000, 0x00000000ee400000|  0%| F|  |TS 19|AC  0|TAMS 0x00000000ee300000, 0x00000000ee300000|
| 216|0x00000000ee400000, 0x00000000ee400000, 0x00000000ee500000|  0%| F|  |TS 19|AC  0|TAMS 0x00000000ee400000, 0x00000000ee400000|
| 217|0x00000000ee500000, 0x00000000ee500000, 0x00000000ee600000|  0%| F|  |TS 19|AC  0|TAMS 0x00000000ee500000, 0x00000000ee500000|
| 218|0x00000000ee600000, 0x00000000ee600000, 0x00000000ee700000|  0%| F|  |TS 23|AC  0|TAMS 0x00000000ee600000, 0x00000000ee600000|
| 219|0x00000000ee700000, 0x00000000ee700000, 0x00000000ee800000|  0%| F|  |TS 23|AC  0|TAMS 0x00000000ee700000, 0x00000000ee700000|
| 220|0x00000000ee800000, 0x00000000ee800000, 0x00000000ee900000|  0%| F|  |TS 23|AC  0|TAMS 0x00000000ee800000, 0x00000000ee800000|
| 221|0x00000000ee900000, 0x00000000ee900000, 0x00000000eea00000|  0%| F|  |TS 19|AC  0|TAMS 0x00000000ee900000, 0x00000000ee900000|
| 222|0x00000000eea00000, 0x00000000eea00000, 0x00000000eeb00000|  0%| F|  |TS 19|AC  0|TAMS 0x00000000eea00000, 0x00000000eea00000|
| 223|0x00000000eeb00000, 0x00000000eeb00000, 0x00000000eec00000|  0%| F|  |TS 19|AC  0|TAMS 0x00000000eeb00000, 0x00000000eeb00000|
| 224|0x00000000eec00000, 0x00000000eec00000, 0x00000000eed00000|  0%| F|  |TS 19|AC  0|TAMS 0x00000000eec00000, 0x00000000eec00000|
| 225|0x00000000eed00000, 0x00000000eed00000, 0x00000000eee00000|  0%| F|  |TS 19|AC  0|TAMS 0x00000000eed00000, 0x00000000eed00000|
| 226|0x00000000eee00000, 0x00000000eee00000, 0x00000000eef00000|  0%| F|  |TS 19|AC  0|TAMS 0x00000000eee00000, 0x00000000eee00000|
| 227|0x00000000eef00000, 0x00000000eef00000, 0x00000000ef000000|  0%| F|  |TS 19|AC  0|TAMS 0x00000000eef00000, 0x00000000eef00000|
| 228|0x00000000ef000000, 0x00000000ef000000, 0x00000000ef100000|  0%| F|  |TS 19|AC  0|TAMS 0x00000000ef000000, 0x00000000ef000000|
| 229|0x00000000ef100000, 0x00000000ef100000, 0x00000000ef200000|  0%| F|  |TS 19|AC  0|TAMS 0x00000000ef100000, 0x00000000ef100000|
| 230|0x00000000ef200000, 0x00000000ef200000, 0x00000000ef300000|  0%| F|  |TS 19|AC  0|TAMS 0x00000000ef200000, 0x00000000ef200000|
| 231|0x00000000ef300000, 0x00000000ef300000, 0x00000000ef400000|  0%| F|  |TS 21|AC  0|TAMS 0x00000000ef300000, 0x00000000ef300000|
| 232|0x00000000ef400000, 0x00000000ef400000, 0x00000000ef500000|  0%| F|  |TS 21|AC  0|TAMS 0x00000000ef400000, 0x00000000ef400000|
| 233|0x00000000ef500000, 0x00000000ef500000, 0x00000000ef600000|  0%| F|  |TS 19|AC  0|TAMS 0x00000000ef500000, 0x00000000ef500000|
| 234|0x00000000ef600000, 0x00000000ef600000, 0x00000000ef700000|  0%| F|  |TS 19|AC  0|TAMS 0x00000000ef600000, 0x00000000ef600000|
| 235|0x00000000ef700000, 0x00000000ef700000, 0x00000000ef800000|  0%| F|  |TS 19|AC  0|TAMS 0x00000000ef700000, 0x00000000ef700000|
| 236|0x00000000ef800000, 0x00000000ef800000, 0x00000000ef900000|  0%| F|  |TS 19|AC  0|TAMS 0x00000000ef800000, 0x00000000ef800000|
| 237|0x00000000ef900000, 0x00000000ef900000, 0x00000000efa00000|  0%| F|  |TS 19|AC  0|TAMS 0x00000000ef900000, 0x00000000ef900000|
| 238|0x00000000efa00000, 0x00000000efa00000, 0x00000000efb00000|  0%| F|  |TS 19|AC  0|TAMS 0x00000000efa00000, 0x00000000efa00000|
| 239|0x00000000efb00000, 0x00000000efb00000, 0x00000000efc00000|  0%| F|  |TS 19|AC  0|TAMS 0x00000000efb00000, 0x00000000efb00000|
| 240|0x00000000efc00000, 0x00000000efc00000, 0x00000000efd00000|  0%| F|  |TS 19|AC  0|TAMS 0x00000000efc00000, 0x00000000efc00000|
| 241|0x00000000efd00000, 0x00000000efd00000, 0x00000000efe00000|  0%| F|  |TS 19|AC  0|TAMS 0x00000000efd00000, 0x00000000efd00000|
| 242|0x00000000efe00000, 0x00000000efe00000, 0x00000000eff00000|  0%| F|  |TS 19|AC  0|TAMS 0x00000000efe00000, 0x00000000efe00000|
| 243|0x00000000eff00000, 0x00000000eff00000, 0x00000000f0000000|  0%| F|  |TS 19|AC  0|TAMS 0x00000000eff00000, 0x00000000eff00000|
| 244|0x00000000f0000000, 0x00000000f0000000, 0x00000000f0100000|  0%| F|  |TS 19|AC  0|TAMS 0x00000000f0000000, 0x00000000f0000000|
| 245|0x00000000f0100000, 0x00000000f0100000, 0x00000000f0200000|  0%| F|  |TS 27|AC  0|TAMS 0x00000000f0100000, 0x00000000f0100000|
| 246|0x00000000f0200000, 0x00000000f0200000, 0x00000000f0300000|  0%| F|  |TS 27|AC  0|TAMS 0x00000000f0200000, 0x00000000f0200000|
| 247|0x00000000f0300000, 0x00000000f0300000, 0x00000000f0400000|  0%| F|  |TS 27|AC  0|TAMS 0x00000000f0300000, 0x00000000f0300000|
| 248|0x00000000f0400000, 0x00000000f0400000, 0x00000000f0500000|  0%| F|  |TS 27|AC  0|TAMS 0x00000000f0400000, 0x00000000f0400000|
| 249|0x00000000f0500000, 0x00000000f0500000, 0x00000000f0600000|  0%| F|  |TS 27|AC  0|TAMS 0x00000000f0500000, 0x00000000f0500000|
| 250|0x00000000f0600000, 0x00000000f0600000, 0x00000000f0700000|  0%| F|  |TS 27|AC  0|TAMS 0x00000000f0600000, 0x00000000f0600000|
| 251|0x00000000f0700000, 0x00000000f0700000, 0x00000000f0800000|  0%| F|  |TS 27|AC  0|TAMS 0x00000000f0700000, 0x00000000f0700000|
| 252|0x00000000f0800000, 0x00000000f0800000, 0x00000000f0900000|  0%| F|  |TS 27|AC  0|TAMS 0x00000000f0800000, 0x00000000f0800000|
| 253|0x00000000f0900000, 0x00000000f0900000, 0x00000000f0a00000|  0%| F|  |TS 27|AC  0|TAMS 0x00000000f0900000, 0x00000000f0900000|
| 254|0x00000000f0a00000, 0x00000000f0a00000, 0x00000000f0b00000|  0%| F|  |TS 27|AC  0|TAMS 0x00000000f0a00000, 0x00000000f0a00000|
| 255|0x00000000f0b00000, 0x00000000f0b00000, 0x00000000f0c00000|  0%| F|  |TS 27|AC  0|TAMS 0x00000000f0b00000, 0x00000000f0b00000|
| 256|0x00000000f0c00000, 0x00000000f0c00000, 0x00000000f0d00000|  0%| F|  |TS 27|AC  0|TAMS 0x00000000f0c00000, 0x00000000f0c00000|
| 257|0x00000000f0d00000, 0x00000000f0d00000, 0x00000000f0e00000|  0%| F|  |TS 27|AC  0|TAMS 0x00000000f0d00000, 0x00000000f0d00000|
| 258|0x00000000f0e00000, 0x00000000f0e00000, 0x00000000f0f00000|  0%| F|  |TS 27|AC  0|TAMS 0x00000000f0e00000, 0x00000000f0e00000|
| 259|0x00000000f0f00000, 0x00000000f0f00000, 0x00000000f1000000|  0%| F|  |TS 27|AC  0|TAMS 0x00000000f0f00000, 0x00000000f0f00000|
| 260|0x00000000f1000000, 0x00000000f1000000, 0x00000000f1100000|  0%| F|  |TS 27|AC  0|TAMS 0x00000000f1000000, 0x00000000f1000000|
| 261|0x00000000f1100000, 0x00000000f1100000, 0x00000000f1200000|  0%| F|  |TS 27|AC  0|TAMS 0x00000000f1100000, 0x00000000f1100000|
| 262|0x00000000f1200000, 0x00000000f1200000, 0x00000000f1300000|  0%| F|  |TS 27|AC  0|TAMS 0x00000000f1200000, 0x00000000f1200000|
| 263|0x00000000f1300000, 0x00000000f1300000, 0x00000000f1400000|  0%| F|  |TS 27|AC  0|TAMS 0x00000000f1300000, 0x00000000f1300000|
| 264|0x00000000f1400000, 0x00000000f1400000, 0x00000000f1500000|  0%| F|  |TS 27|AC  0|TAMS 0x00000000f1400000, 0x00000000f1400000|
| 265|0x00000000f1500000, 0x00000000f1500000, 0x00000000f1600000|  0%| F|  |TS 27|AC  0|TAMS 0x00000000f1500000, 0x00000000f1500000|
| 266|0x00000000f1600000, 0x00000000f1600000, 0x00000000f1700000|  0%| F|  |TS 27|AC  0|TAMS 0x00000000f1600000, 0x00000000f1600000|
| 267|0x00000000f1700000, 0x00000000f1700000, 0x00000000f1800000|  0%| F|  |TS 27|AC  0|TAMS 0x00000000f1700000, 0x00000000f1700000|
| 268|0x00000000f1800000, 0x00000000f1800000, 0x00000000f1900000|  0%| F|  |TS 27|AC  0|TAMS 0x00000000f1800000, 0x00000000f1800000|
| 269|0x00000000f1900000, 0x00000000f1900000, 0x00000000f1a00000|  0%| F|  |TS 27|AC  0|TAMS 0x00000000f1900000, 0x00000000f1900000|
| 270|0x00000000f1a00000, 0x00000000f1a00000, 0x00000000f1b00000|  0%| F|  |TS 27|AC  0|TAMS 0x00000000f1a00000, 0x00000000f1a00000|
| 271|0x00000000f1b00000, 0x00000000f1b00000, 0x00000000f1c00000|  0%| F|  |TS 27|AC  0|TAMS 0x00000000f1b00000, 0x00000000f1b00000|
| 272|0x00000000f1c00000, 0x00000000f1c00000, 0x00000000f1d00000|  0%| F|  |TS 27|AC  0|TAMS 0x00000000f1c00000, 0x00000000f1c00000|
| 273|0x00000000f1d00000, 0x00000000f1d00000, 0x00000000f1e00000|  0%| F|  |TS 27|AC  0|TAMS 0x00000000f1d00000, 0x00000000f1d00000|
| 274|0x00000000f1e00000, 0x00000000f1e00000, 0x00000000f1f00000|  0%| F|  |TS 27|AC  0|TAMS 0x00000000f1e00000, 0x00000000f1e00000|
| 275|0x00000000f1f00000, 0x00000000f1f00000, 0x00000000f2000000|  0%| F|  |TS 27|AC  0|TAMS 0x00000000f1f00000, 0x00000000f1f00000|
| 276|0x00000000f2000000, 0x00000000f2000000, 0x00000000f2100000|  0%| F|  |TS 27|AC  0|TAMS 0x00000000f2000000, 0x00000000f2000000|
| 277|0x00000000f2100000, 0x00000000f2100000, 0x00000000f2200000|  0%| F|  |TS 27|AC  0|TAMS 0x00000000f2100000, 0x00000000f2100000|
| 278|0x00000000f2200000, 0x00000000f2200000, 0x00000000f2300000|  0%| F|  |TS 27|AC  0|TAMS 0x00000000f2200000, 0x00000000f2200000|
| 279|0x00000000f2300000, 0x00000000f2300000, 0x00000000f2400000|  0%| F|  |TS 27|AC  0|TAMS 0x00000000f2300000, 0x00000000f2300000|
| 280|0x00000000f2400000, 0x00000000f2400000, 0x00000000f2500000|  0%| F|  |TS 27|AC  0|TAMS 0x00000000f2400000, 0x00000000f2400000|
| 281|0x00000000f2500000, 0x00000000f2500000, 0x00000000f2600000|  0%| F|  |TS 27|AC  0|TAMS 0x00000000f2500000, 0x00000000f2500000|
| 282|0x00000000f2600000, 0x00000000f2600000, 0x00000000f2700000|  0%| F|  |TS 27|AC  0|TAMS 0x00000000f2600000, 0x00000000f2600000|
| 283|0x00000000f2700000, 0x00000000f2700000, 0x00000000f2800000|  0%| F|  |TS 27|AC  0|TAMS 0x00000000f2700000, 0x00000000f2700000|
| 284|0x00000000f2800000, 0x00000000f2800000, 0x00000000f2900000|  0%| F|  |TS 27|AC  0|TAMS 0x00000000f2800000, 0x00000000f2800000|
| 285|0x00000000f2900000, 0x00000000f2900000, 0x00000000f2a00000|  0%| F|  |TS 27|AC  0|TAMS 0x00000000f2900000, 0x00000000f2900000|
| 286|0x00000000f2a00000, 0x00000000f2a00000, 0x00000000f2b00000|  0%| F|  |TS 27|AC  0|TAMS 0x00000000f2a00000, 0x00000000f2a00000|
| 287|0x00000000f2b00000, 0x00000000f2b00000, 0x00000000f2c00000|  0%| F|  |TS 27|AC  0|TAMS 0x00000000f2b00000, 0x00000000f2b00000|
| 288|0x00000000f2c00000, 0x00000000f2c00000, 0x00000000f2d00000|  0%| F|  |TS 27|AC  0|TAMS 0x00000000f2c00000, 0x00000000f2c00000|
| 289|0x00000000f2d00000, 0x00000000f2d00000, 0x00000000f2e00000|  0%| F|  |TS 27|AC  0|TAMS 0x00000000f2d00000, 0x00000000f2d00000|
| 290|0x00000000f2e00000, 0x00000000f2e00000, 0x00000000f2f00000|  0%| F|  |TS 27|AC  0|TAMS 0x00000000f2e00000, 0x00000000f2e00000|
| 291|0x00000000f2f00000, 0x00000000f2f00000, 0x00000000f3000000|  0%| F|  |TS 27|AC  0|TAMS 0x00000000f2f00000, 0x00000000f2f00000|
| 292|0x00000000f3000000, 0x00000000f3000000, 0x00000000f3100000|  0%| F|  |TS 27|AC  0|TAMS 0x00000000f3000000, 0x00000000f3000000|
| 293|0x00000000f3100000, 0x00000000f3100000, 0x00000000f3200000|  0%| F|  |TS 27|AC  0|TAMS 0x00000000f3100000, 0x00000000f3100000|
| 294|0x00000000f3200000, 0x00000000f3200000, 0x00000000f3300000|  0%| F|  |TS 27|AC  0|TAMS 0x00000000f3200000, 0x00000000f3200000|
| 295|0x00000000f3300000, 0x00000000f3300000, 0x00000000f3400000|  0%| F|  |TS 27|AC  0|TAMS 0x00000000f3300000, 0x00000000f3300000|
| 296|0x00000000f3400000, 0x00000000f3400000, 0x00000000f3500000|  0%| F|  |TS 27|AC  0|TAMS 0x00000000f3400000, 0x00000000f3400000|
| 297|0x00000000f3500000, 0x00000000f3500000, 0x00000000f3600000|  0%| F|  |TS 27|AC  0|TAMS 0x00000000f3500000, 0x00000000f3500000|
| 298|0x00000000f3600000, 0x00000000f3600000, 0x00000000f3700000|  0%| F|  |TS 27|AC  0|TAMS 0x00000000f3600000, 0x00000000f3600000|
| 299|0x00000000f3700000, 0x00000000f3700000, 0x00000000f3800000|  0%| F|  |TS 27|AC  0|TAMS 0x00000000f3700000, 0x00000000f3700000|
| 300|0x00000000f3800000, 0x00000000f3800000, 0x00000000f3900000|  0%| F|  |TS 27|AC  0|TAMS 0x00000000f3800000, 0x00000000f3800000|
| 301|0x00000000f3900000, 0x00000000f3900000, 0x00000000f3a00000|  0%| F|  |TS 27|AC  0|TAMS 0x00000000f3900000, 0x00000000f3900000|
| 302|0x00000000f3a00000, 0x00000000f3a00000, 0x00000000f3b00000|  0%| F|  |TS 27|AC  0|TAMS 0x00000000f3a00000, 0x00000000f3a00000|
| 303|0x00000000f3b00000, 0x00000000f3b00000, 0x00000000f3c00000|  0%| F|  |TS 27|AC  0|TAMS 0x00000000f3b00000, 0x00000000f3b00000|
| 304|0x00000000f3c00000, 0x00000000f3c00000, 0x00000000f3d00000|  0%| F|  |TS 33|AC  0|TAMS 0x00000000f3c00000, 0x00000000f3c00000|
| 305|0x00000000f3d00000, 0x00000000f3d00000, 0x00000000f3e00000|  0%| F|  |TS 33|AC  0|TAMS 0x00000000f3d00000, 0x00000000f3d00000|
| 306|0x00000000f3e00000, 0x00000000f3e00000, 0x00000000f3f00000|  0%| F|  |TS 33|AC  0|TAMS 0x00000000f3e00000, 0x00000000f3e00000|
| 307|0x00000000f3f00000, 0x00000000f3f00000, 0x00000000f4000000|  0%| F|  |TS 33|AC  0|TAMS 0x00000000f3f00000, 0x00000000f3f00000|
| 308|0x00000000f4000000, 0x00000000f4000000, 0x00000000f4100000|  0%| F|  |TS 33|AC  0|TAMS 0x00000000f4000000, 0x00000000f4000000|
| 309|0x00000000f4100000, 0x00000000f4100000, 0x00000000f4200000|  0%| F|  |TS 27|AC  0|TAMS 0x00000000f4100000, 0x00000000f4100000|
| 310|0x00000000f4200000, 0x00000000f4200000, 0x00000000f4300000|  0%| F|  |TS 27|AC  0|TAMS 0x00000000f4200000, 0x00000000f4200000|
| 311|0x00000000f4300000, 0x00000000f4300000, 0x00000000f4400000|  0%| F|  |TS 31|AC  0|TAMS 0x00000000f4300000, 0x00000000f4300000|
| 312|0x00000000f4400000, 0x00000000f4400000, 0x00000000f4500000|  0%| F|  |TS 31|AC  0|TAMS 0x00000000f4400000, 0x00000000f4400000|
| 313|0x00000000f4500000, 0x00000000f4500000, 0x00000000f4600000|  0%| F|  |TS 31|AC  0|TAMS 0x00000000f4500000, 0x00000000f4500000|
| 314|0x00000000f4600000, 0x00000000f4600000, 0x00000000f4700000|  0%| F|  |TS 31|AC  0|TAMS 0x00000000f4600000, 0x00000000f4600000|
| 315|0x00000000f4700000, 0x00000000f4700000, 0x00000000f4800000|  0%| F|  |TS 27|AC  0|TAMS 0x00000000f4700000, 0x00000000f4700000|
| 316|0x00000000f4800000, 0x00000000f4800000, 0x00000000f4900000|  0%| F|  |TS 27|AC  0|TAMS 0x00000000f4800000, 0x00000000f4800000|
| 317|0x00000000f4900000, 0x00000000f4900000, 0x00000000f4a00000|  0%| F|  |TS 29|AC  0|TAMS 0x00000000f4900000, 0x00000000f4900000|
| 318|0x00000000f4a00000, 0x00000000f4a00000, 0x00000000f4b00000|  0%| F|  |TS 29|AC  0|TAMS 0x00000000f4a00000, 0x00000000f4a00000|
| 319|0x00000000f4b00000, 0x00000000f4b00000, 0x00000000f4c00000|  0%| F|  |TS 29|AC  0|TAMS 0x00000000f4b00000, 0x00000000f4b00000|
| 320|0x00000000f4c00000, 0x00000000f4c00000, 0x00000000f4d00000|  0%| F|  |TS 29|AC  0|TAMS 0x00000000f4c00000, 0x00000000f4c00000|
| 321|0x00000000f4d00000, 0x00000000f4d00000, 0x00000000f4e00000|  0%| F|  |TS 27|AC  0|TAMS 0x00000000f4d00000, 0x00000000f4d00000|
| 322|0x00000000f4e00000, 0x00000000f4e00000, 0x00000000f4f00000|  0%| F|  |TS 27|AC  0|TAMS 0x00000000f4e00000, 0x00000000f4e00000|
| 323|0x00000000f4f00000, 0x00000000f4f00000, 0x00000000f5000000|  0%| F|  |TS 27|AC  0|TAMS 0x00000000f4f00000, 0x00000000f4f00000|
| 324|0x00000000f5000000, 0x00000000f5000000, 0x00000000f5100000|  0%| F|  |TS 27|AC  0|TAMS 0x00000000f5000000, 0x00000000f5000000|
| 325|0x00000000f5100000, 0x00000000f5100000, 0x00000000f5200000|  0%| F|  |TS 27|AC  0|TAMS 0x00000000f5100000, 0x00000000f5100000|
| 326|0x00000000f5200000, 0x00000000f5200000, 0x00000000f5300000|  0%| F|  |TS 27|AC  0|TAMS 0x00000000f5200000, 0x00000000f5200000|
| 327|0x00000000f5300000, 0x00000000f5300000, 0x00000000f5400000|  0%| F|  |TS 27|AC  0|TAMS 0x00000000f5300000, 0x00000000f5300000|
| 328|0x00000000f5400000, 0x00000000f5400000, 0x00000000f5500000|  0%| F|  |TS 27|AC  0|TAMS 0x00000000f5400000, 0x00000000f5400000|
| 329|0x00000000f5500000, 0x00000000f5500000, 0x00000000f5600000|  0%| F|  |TS 27|AC  0|TAMS 0x00000000f5500000, 0x00000000f5500000|
| 330|0x00000000f5600000, 0x00000000f5600000, 0x00000000f5700000|  0%| F|  |TS 27|AC  0|TAMS 0x00000000f5600000, 0x00000000f5600000|
| 331|0x00000000f5700000, 0x00000000f5700000, 0x00000000f5800000|  0%| F|  |TS 27|AC  0|TAMS 0x00000000f5700000, 0x00000000f5700000|
| 332|0x00000000f5800000, 0x00000000f5900000, 0x00000000f5900000|100%| S|CS|TS 35|AC  0|TAMS 0x00000000f5800000, 0x00000000f5800000|
| 333|0x00000000f5900000, 0x00000000f5a00000, 0x00000000f5a00000|100%| S|CS|TS 35|AC  0|TAMS 0x00000000f5900000, 0x00000000f5900000|
| 334|0x00000000f5a00000, 0x00000000f5b00000, 0x00000000f5b00000|100%| S|CS|TS 35|AC  0|TAMS 0x00000000f5a00000, 0x00000000f5a00000|
| 335|0x00000000f5b00000, 0x00000000f5b00000, 0x00000000f5c00000|  0%| F|  |TS 27|AC  0|TAMS 0x00000000f5b00000, 0x00000000f5b00000|
| 336|0x00000000f5c00000, 0x00000000f5c00000, 0x00000000f5d00000|  0%| F|  |TS 27|AC  0|TAMS 0x00000000f5c00000, 0x00000000f5c00000|
| 337|0x00000000f5d00000, 0x00000000f5d00000, 0x00000000f5e00000|  0%| F|  |TS 27|AC  0|TAMS 0x00000000f5d00000, 0x00000000f5d00000|
| 338|0x00000000f5e00000, 0x00000000f5e00000, 0x00000000f5f00000|  0%| F|  |TS 27|AC  0|TAMS 0x00000000f5e00000, 0x00000000f5e00000|
| 339|0x00000000f5f00000, 0x00000000f5f00000, 0x00000000f6000000|  0%| F|  |TS 27|AC  0|TAMS 0x00000000f5f00000, 0x00000000f5f00000|
| 340|0x00000000f6000000, 0x00000000f6000000, 0x00000000f6100000|  0%| F|  |TS 27|AC  0|TAMS 0x00000000f6000000, 0x00000000f6000000|
| 341|0x00000000f6100000, 0x00000000f6100000, 0x00000000f6200000|  0%| F|  |TS 27|AC  0|TAMS 0x00000000f6100000, 0x00000000f6100000|
| 342|0x00000000f6200000, 0x00000000f6200000, 0x00000000f6300000|  0%| F|  |TS 27|AC  0|TAMS 0x00000000f6200000, 0x00000000f6200000|
| 343|0x00000000f6300000, 0x00000000f6300000, 0x00000000f6400000|  0%| F|  |TS 27|AC  0|TAMS 0x00000000f6300000, 0x00000000f6300000|
| 344|0x00000000f6400000, 0x00000000f6400000, 0x00000000f6500000|  0%| F|  |TS 27|AC  0|TAMS 0x00000000f6400000, 0x00000000f6400000|
| 345|0x00000000f6500000, 0x00000000f6500000, 0x00000000f6600000|  0%| F|  |TS 27|AC  0|TAMS 0x00000000f6500000, 0x00000000f6500000|
| 346|0x00000000f6600000, 0x00000000f6600000, 0x00000000f6700000|  0%| F|  |TS 27|AC  0|TAMS 0x00000000f6600000, 0x00000000f6600000|

Card table byte_map: [0x00007fb824c78000,0x00007fb824d72000] byte_map_base: 0x00007fb824572000

Marking Bits (Prev, Next): (CMBitMap*) 0x00007fb83c03aa30, (CMBitMap*) 0x00007fb83c03aa88
 Prev Bits: [0x00007fb8243ae000, 0x00007fb824b7e000)
 Next Bits: [0x00007fb80f830000, 0x00007fb810000000)

Polling page: 0x00007fb84370b000

CodeHeap 'non-nmethods': size=5696Kb used=1145Kb max_used=1165Kb free=4551Kb
 bounds [0x00007fb825843000, 0x00007fb825ab3000, 0x00007fb825dd3000]
CodeHeap 'profiled nmethods': size=120032Kb used=2224Kb max_used=2224Kb free=117807Kb
 bounds [0x00007fb825dd3000, 0x00007fb826043000, 0x00007fb82d30b000]
CodeHeap 'non-profiled nmethods': size=120032Kb used=576Kb max_used=576Kb free=119455Kb
 bounds [0x00007fb82d30b000, 0x00007fb82d57b000, 0x00007fb834843000]
 total_blobs=1708 nmethods=992 adapters=231
 compilation: enabled

Compilation events (10 events):
Event: 3.799 Thread 0x00007fb83c17c800 nmethod 994 0x00007fb825ffe010 code [0x00007fb825ffe180, 0x00007fb825ffe330]
Event: 3.799 Thread 0x00007fb83c17c800  995   !   3       java.lang.ref.Finalizer::remove (94 bytes)
Event: 3.807 Thread 0x00007fb83c17c800 nmethod 995 0x00007fb825ffe390 code [0x00007fb825ffe540, 0x00007fb825ffebd0]
Event: 3.807 Thread 0x00007fb83c17c800  996       3       java.lang.System$2::invokeFinalize (5 bytes)
Event: 3.807 Thread 0x00007fb83c17c800 nmethod 996 0x00007fb825ffed90 code [0x00007fb825ffef20, 0x00007fb825fff148]
Event: 3.830 Thread 0x00007fb83c178800 nmethod 986% 0x00007fb82d396b10 code [0x00007fb82d396d80, 0x00007fb82d398110]
Event: 3.840 Thread 0x00007fb83c17a800  997 % !   4       cmu.arktweetnlp.impl.features.TagDictionary::loadData @ 28 (201 bytes)
Event: 3.877 Thread 0x00007fb83c17a800 nmethod 997% 0x00007fb82d398c10 code [0x00007fb82d398e60, 0x00007fb82d39a210]
Event: 3.878 Thread 0x00007fb83c178800  998       4       java.lang.String::equals (65 bytes)
Event: 3.883 Thread 0x00007fb83c178800 nmethod 998 0x00007fb82d39ac90 code [0x00007fb82d39ae00, 0x00007fb82d39b038]

GC Heap History (10 events):
Event: 1.908 GC heap after
{Heap after GC invocations=13 (full 0):
 garbage-first heap   total 250880K, used 47358K [0x00000000e0c00000, 0x00000000e0d007a8, 0x0000000100000000)
  region size 1024K, 4 young (4096K), 4 survivors (4096K)
 Metaspace       used 5556K, capacity 5726K, committed 5760K, reserved 1056768K
  class space    used 537K, capacity 606K, committed 640K, reserved 1048576K
}
Event: 2.008 GC heap before
{Heap before GC invocations=13 (full 0):
 garbage-first heap   total 250880K, used 86270K [0x00000000e0c00000, 0x00000000e0d007a8, 0x0000000100000000)
  region size 1024K, 39 young (39936K), 4 survivors (4096K)
 Metaspace       used 5556K, capacity 5726K, committed 5760K, reserved 1056768K
  class space    used 537K, capacity 606K, committed 640K, reserved 1048576K
}
Event: 2.134 GC heap after
{Heap after GC invocations=14 (full 0):
 garbage-first heap   total 355328K, used 56064K [0x00000000e0c00000, 0x00000000e0d00ad8, 0x0000000100000000)
  region size 1024K, 5 young (5120K), 5 survivors (5120K)
 Metaspace       used 5556K, capacity 5726K, committed 5760K, reserved 1056768K
  class space    used 537K, capacity 606K, committed 640K, reserved 1048576K
}
Event: 3.392 GC heap before
{Heap before GC invocations=14 (full 0):
 garbage-first heap   total 355328K, used 85760K [0x00000000e0c00000, 0x00000000e0d00ad8, 0x0000000100000000)
  region size 1024K, 31 young (31744K), 5 survivors (5120K)
 Metaspace       used 8009K, capacity 8258K, committed 8320K, reserved 1056768K
  class space    used 807K, capacity 891K, committed 896K, reserved 1048576K
}
Event: 3.476 GC heap after
{Heap after GC invocations=15 (full 0):
 garbage-first heap   total 355328K, used 75319K [0x00000000e0c00000, 0x00000000e0d00ad8, 0x0000000100000000)
  region size 1024K, 4 young (4096K), 4 survivors (4096K)
 Metaspace       used 8009K, capacity 8258K, committed 8320K, reserved 1056768K
  class space    used 807K, capacity 891K, committed 896K, reserved 1048576K
}
Event: 3.735 GC heap before
{Heap before GC invocations=15 (full 0):
 garbage-first heap   total 355328K, used 105015K [0x00000000e0c00000, 0x00000000e0d00ad8, 0x0000000100000000)
  region size 1024K, 32 young (32768K), 4 survivors (4096K)
 Metaspace       used 9397K, capacity 9546K, committed 9728K, reserved 1058816K
  class space    used 974K, capacity 1019K, committed 1024K, reserved 1048576K
}
Event: 3.787 GC heap after
{Heap after GC invocations=16 (full 0):
 garbage-first heap   total 355328K, used 90112K [0x00000000e0c00000, 0x00000000e0d00ad8, 0x0000000100000000)
  region size 1024K, 4 young (4096K), 4 survivors (4096K)
 Metaspace       used 9397K, capacity 9546K, committed 9728K, reserved 1058816K
  class space    used 974K, capacity 1019K, committed 1024K, reserved 1048576K
}
Event: 3.894 GC heap before
{Heap before GC invocations=16 (full 0):
 garbage-first heap   total 355328K, used 126976K [0x00000000e0c00000, 0x00000000e0d00ad8, 0x0000000100000000)
  region size 1024K, 38 young (38912K), 4 survivors (4096K)
 Metaspace       used 9401K, capacity 9546K, committed 9728K, reserved 1058816K
  class space    used 974K, capacity 1019K, committed 1024K, reserved 1048576K
}
Event: 4.155 GC heap after
{Heap after GC invocations=17 (full 0):
 garbage-first heap   total 355328K, used 108032K [0x00000000e0c00000, 0x00000000e0d00ad8, 0x0000000100000000)
  region size 1024K, 5 young (5120K), 5 survivors (5120K)
 Metaspace       used 9401K, capacity 9546K, committed 9728K, reserved 1058816K
  class space    used 974K, capacity 1019K, committed 1024K, reserved 1048576K
}
Event: 4.596 GC heap before
{Heap before GC invocations=17 (full 0):
 garbage-first heap   total 355328K, used 120320K [0x00000000e0c00000, 0x00000000e0d00ad8, 0x0000000100000000)
  region size 1024K, 17 young (17408K), 5 survivors (5120K)
 Metaspace       used 9401K, capacity 9546K, committed 9728K, reserved 1058816K
  class space    used 974K, capacity 1019K, committed 1024K, reserved 1048576K
}

Deoptimization events (10 events):
Event: 3.588 Thread 0x00007fb83c011000 Uncommon trap: reason=predicate action=maybe_recompile pc=0x00007fb82d34a6f0 method=java.util.regex.Pattern$Start.match(Ljava/util/regex/Matcher;ILjava/lang/CharSequence;)Z @ 37
Event: 3.588 Thread 0x00007fb83c011000 Uncommon trap: reason=predicate action=maybe_recompile pc=0x00007fb82d34c290 method=java.util.regex.Pattern$Start.match(Ljava/util/regex/Matcher;ILjava/lang/CharSequence;)Z @ 37
Event: 3.588 Thread 0x00007fb83c011000 Uncommon trap: reason=unstable_if action=reinterpret pc=0x00007fb82d3645cc method=java.util.regex.Matcher.reset()Ljava/util/regex/Matcher; @ 47
Event: 3.588 Thread 0x00007fb83c011000 Uncommon trap: reason=unstable_if action=reinterpret pc=0x00007fb82d34b800 method=java.util.regex.Matcher.reset()Ljava/util/regex/Matcher; @ 47
Event: 3.588 Thread 0x00007fb83c011000 Uncommon trap: reason=class_check action=maybe_recompile pc=0x00007fb82d3475f4 method=java.util.regex.Pattern$BmpCharProperty.match(Ljava/util/regex/Matcher;ILjava/lang/CharSequence;)Z @ 16
Event: 3.588 Thread 0x00007fb83c011000 Uncommon trap: reason=class_check action=maybe_recompile pc=0x00007fb82d3475f4 method=java.util.regex.Pattern$BmpCharProperty.match(Ljava/util/regex/Matcher;ILjava/lang/CharSequence;)Z @ 16
Event: 3.588 Thread 0x00007fb83c011000 Uncommon trap: reason=class_check action=maybe_recompile pc=0x00007fb82d34765c method=java.util.regex.Pattern$BmpCharProperty.match(Ljava/util/regex/Matcher;ILjava/lang/CharSequence;)Z @ 31
Event: 3.588 Thread 0x00007fb83c011000 Uncommon trap: reason=class_check action=maybe_recompile pc=0x00007fb82d3475f4 method=java.util.regex.Pattern$BmpCharProperty.match(Ljava/util/regex/Matcher;ILjava/lang/CharSequence;)Z @ 16
Event: 3.588 Thread 0x00007fb83c011000 Uncommon trap: reason=unstable_if action=reinterpret pc=0x00007fb82d36beb8 method=java.util.regex.Matcher.reset()Ljava/util/regex/Matcher; @ 47
Event: 3.608 Thread 0x00007fb83c011000 Uncommon trap: reason=unstable_if action=reinterpret pc=0x00007fb82d38cd90 method=java.util.regex.Pattern$BmpCharProperty.match(Ljava/util/regex/Matcher;ILjava/lang/CharSequence;)Z @ 5

Classes redefined (0 events):
No events

Internal exceptions (2 events):
Event: 0.484 Thread 0x00007fb83c011000 Exception <a 'java/io/FileNotFoundException'> (0x00000000e4739b40) thrown at [/build/openjdk-9-argm_o/openjdk-9-9~b114/src/hotspot/src/share/vm/prims/jni.cpp, line 605]
Event: 3.224 Thread 0x00007fb83c011000 Exception <a 'java/lang/NoSuchMethodError': java.lang.Object.of([Ljava/lang/Object;)Ljava/util/stream/Stream;> (0x00000000f4e6dc38) thrown at [/build/openjdk-9-argm_o/openjdk-9-9~b114/src/hotspot/src/share/vm/interpreter/linkResolver.cpp, line 728]

Events (10 events):
Event: 3.609 loading class org/apache/commons/codec/Encoder done
Event: 3.610 loading class org/apache/commons/codec/EncoderException
Event: 3.610 loading class org/apache/commons/codec/EncoderException done
Event: 3.735 Executing VM operation: G1IncCollectionPause
Event: 3.787 Executing VM operation: G1IncCollectionPause done
Event: 3.845 Thread 0x00007fb83c011000 DEOPT PACKING pc=0x00007fb825ff2f5d sp=0x00007fb8436e3e40
Event: 3.847 Thread 0x00007fb83c011000 DEOPT UNPACKING pc=0x00007fb82588d07a sp=0x00007fb8436e3468 mode 0
Event: 3.894 Executing VM operation: G1IncCollectionPause
Event: 4.335 Executing VM operation: G1IncCollectionPause done
Event: 4.526 Executing VM operation: EnableBiasedLocking


Dynamic libraries:
00400000-00401000 r-xp 00000000 08:05 1114448                            /usr/lib/jvm/java-9-openjdk-amd64/bin/java
00600000-00601000 r--p 00000000 08:05 1114448                            /usr/lib/jvm/java-9-openjdk-amd64/bin/java
00601000-00602000 rw-p 00001000 08:05 1114448                            /usr/lib/jvm/java-9-openjdk-amd64/bin/java
00859000-0087a000 rw-p 00000000 00:00 0                                  [heap]
e0c00000-f6700000 rw-p 00000000 00:00 0 
fa500000-100000000 ---p 00000000 00:00 0 
100000000-100100000 rw-p 00000000 00:00 0 
100100000-140000000 ---p 00000000 00:00 0 
7fb7d0000000-7fb7d0021000 rw-p 00000000 00:00 0 
7fb7d0021000-7fb7d4000000 ---p 00000000 00:00 0 
7fb7d4000000-7fb7d4021000 rw-p 00000000 00:00 0 
7fb7d4021000-7fb7d8000000 ---p 00000000 00:00 0 
7fb7d8000000-7fb7d8021000 rw-p 00000000 00:00 0 
7fb7d8021000-7fb7dc000000 ---p 00000000 00:00 0 
7fb7df6e6000-7fb7df766000 rw-p 00000000 00:00 0 
7fb7df766000-7fb7df8e6000 ---p 00000000 00:00 0 
7fb7df8e6000-7fb7df8e7000 ---p 00000000 00:00 0 
7fb7df8e7000-7fb7df9e7000 rw-p 00000000 00:00 0 
7fb7df9e7000-7fb7df9eb000 ---p 00000000 00:00 0 
7fb7df9eb000-7fb7dfde9000 rw-p 00000000 00:00 0 
7fb7dfde9000-7fb7dfdff000 r-xp 00000000 08:05 1114466                    /usr/lib/jvm/java-9-openjdk-amd64/lib/amd64/libnet.so
7fb7dfdff000-7fb7dfffe000 ---p 00016000 08:05 1114466                    /usr/lib/jvm/java-9-openjdk-amd64/lib/amd64/libnet.so
7fb7dfffe000-7fb7dffff000 r--p 00015000 08:05 1114466                    /usr/lib/jvm/java-9-openjdk-amd64/lib/amd64/libnet.so
7fb7dffff000-7fb7e0000000 rw-p 00016000 08:05 1114466                    /usr/lib/jvm/java-9-openjdk-amd64/lib/amd64/libnet.so
7fb7e0000000-7fb7e0393000 rw-p 00000000 00:00 0 
7fb7e0393000-7fb7e4000000 ---p 00000000 00:00 0 
7fb7e4000000-7fb7e4021000 rw-p 00000000 00:00 0 
7fb7e4021000-7fb7e8000000 ---p 00000000 00:00 0 
7fb7e8000000-7fb7e881f000 rw-p 00000000 00:00 0 
7fb7e881f000-7fb7ec000000 ---p 00000000 00:00 0 
7fb7ec000000-7fb7ec75c000 rw-p 00000000 00:00 0 
7fb7ec75c000-7fb7f0000000 ---p 00000000 00:00 0 
7fb7f0000000-7fb7f0021000 rw-p 00000000 00:00 0 
7fb7f0021000-7fb7f4000000 ---p 00000000 00:00 0 
7fb7f4000000-7fb7f4021000 rw-p 00000000 00:00 0 
7fb7f4021000-7fb7f8000000 ---p 00000000 00:00 0 
7fb7f8000000-7fb7f8021000 rw-p 00000000 00:00 0 
7fb7f8021000-7fb7fc000000 ---p 00000000 00:00 0 
7fb7fc000000-7fb7fc021000 rw-p 00000000 00:00 0 
7fb7fc021000-7fb800000000 ---p 00000000 00:00 0 
7fb800000000-7fb800021000 rw-p 00000000 00:00 0 
7fb800021000-7fb804000000 ---p 00000000 00:00 0 
7fb804000000-7fb8040fb000 rw-p 00000000 00:00 0 
7fb8040fb000-7fb808000000 ---p 00000000 00:00 0 
7fb808000000-7fb808021000 rw-p 00000000 00:00 0 
7fb808021000-7fb80c000000 ---p 00000000 00:00 0 
7fb80c03a000-7fb80c03e000 ---p 00000000 00:00 0 
7fb80c03e000-7fb80c13b000 rw-p 00000000 00:00 0 
7fb80c13b000-7fb80c14c000 r-xp 00000000 08:05 1133983                    /usr/lib/jvm/java-9-openjdk-amd64/lib/amd64/libnio.so
7fb80c14c000-7fb80c34c000 ---p 00011000 08:05 1133983                    /usr/lib/jvm/java-9-openjdk-amd64/lib/amd64/libnio.so
7fb80c34c000-7fb80c34d000 r--p 00011000 08:05 1133983                    /usr/lib/jvm/java-9-openjdk-amd64/lib/amd64/libnio.so
7fb80c34d000-7fb80c34e000 rw-p 00012000 08:05 1133983                    /usr/lib/jvm/java-9-openjdk-amd64/lib/amd64/libnio.so
7fb80c34e000-7fb80c352000 ---p 00000000 00:00 0 
7fb80c352000-7fb80c44f000 rw-p 00000000 00:00 0 
7fb80c44f000-7fb80c453000 ---p 00000000 00:00 0 
7fb80c453000-7fb80c550000 rw-p 00000000 00:00 0 
7fb80c550000-7fb80c554000 ---p 00000000 00:00 0 
7fb80c554000-7fb80c651000 rw-p 00000000 00:00 0 
7fb80c651000-7fb80c655000 ---p 00000000 00:00 0 
7fb80c655000-7fb80c752000 rw-p 00000000 00:00 0 
7fb80c752000-7fb80c756000 ---p 00000000 00:00 0 
7fb80c756000-7fb80c853000 rw-p 00000000 00:00 0 
7fb80c853000-7fb80c857000 ---p 00000000 00:00 0 
7fb80c857000-7fb80c954000 rw-p 00000000 00:00 0 
7fb80c954000-7fb80cc2c000 r--p 00000000 08:05 919348                     /usr/lib/locale/locale-archive
7fb80cc2c000-7fb80cc30000 ---p 00000000 00:00 0 
7fb80cc30000-7fb80cd2d000 rw-p 00000000 00:00 0 
7fb80cd2d000-7fb80cd31000 ---p 00000000 00:00 0 
7fb80cd31000-7fb80ce2e000 rw-p 00000000 00:00 0 
7fb80ce2e000-7fb80ce2f000 ---p 00000000 00:00 0 
7fb80ce2f000-7fb80d72f000 rw-p 00000000 00:00 0 
7fb80d72f000-7fb80fd9c000 rw-p 00000000 00:00 0 
7fb80fd9c000-7fb810000000 ---p 00000000 00:00 0 
7fb810000000-7fb81005e000 rw-p 00000000 00:00 0 
7fb81005e000-7fb814000000 ---p 00000000 00:00 0 
7fb814000000-7fb814021000 rw-p 00000000 00:00 0 
7fb814021000-7fb818000000 ---p 00000000 00:00 0 
7fb818000000-7fb81803e000 rw-p 00000000 00:00 0 
7fb81803e000-7fb81c000000 ---p 00000000 00:00 0 
7fb81c000000-7fb81c021000 rw-p 00000000 00:00 0 
7fb81c021000-7fb820000000 ---p 00000000 00:00 0 
7fb820000000-7fb820036000 rw-p 00000000 00:00 0 
7fb820036000-7fb824000000 ---p 00000000 00:00 0 
7fb8240ab000-7fb8241ac000 rw-p 00000000 00:00 0 
7fb8241ac000-7fb8241ad000 ---p 00000000 00:00 0 
7fb8241ad000-7fb8242ad000 rw-p 00000000 00:00 0 
7fb8242ad000-7fb8242ae000 ---p 00000000 00:00 0 
7fb8242ae000-7fb82491a000 rw-p 00000000 00:00 0 
7fb82491a000-7fb824b7e000 ---p 00000000 00:00 0 
7fb824b7e000-7fb824c2c000 rw-p 00000000 00:00 0 
7fb824c2c000-7fb824c78000 ---p 00000000 00:00 0 
7fb824c78000-7fb824d26000 rw-p 00000000 00:00 0 
7fb824d26000-7fb824e6c000 ---p 00000000 00:00 0 
7fb824e6c000-7fb824f1a000 rw-p 00000000 00:00 0 
7fb824f1a000-7fb824f66000 ---p 00000000 00:00 0 
7fb824f66000-7fb824f67000 ---p 00000000 00:00 0 
7fb824f67000-7fb825067000 rw-p 00000000 00:00 0 
7fb825067000-7fb825068000 ---p 00000000 00:00 0 
7fb825068000-7fb825168000 rw-p 00000000 00:00 0 
7fb825168000-7fb825169000 ---p 00000000 00:00 0 
7fb825169000-7fb82546b000 rw-p 00000000 00:00 0 
7fb82546b000-7fb82546c000 ---p 00000000 00:00 0 
7fb82546c000-7fb82556c000 rw-p 00000000 00:00 0 
7fb82556c000-7fb82556d000 ---p 00000000 00:00 0 
7fb82556d000-7fb825672000 rw-p 00000000 00:00 0 
7fb825672000-7fb825758000 ---p 00000000 00:00 0 
7fb825758000-7fb82575d000 rw-p 00000000 00:00 0 
7fb82575d000-7fb825843000 ---p 00000000 00:00 0 
7fb825843000-7fb825ab3000 rwxp 00000000 00:00 0 
7fb825ab3000-7fb825dd3000 ---p 00000000 00:00 0 
7fb825dd3000-7fb826043000 rwxp 00000000 00:00 0 
7fb826043000-7fb82d30b000 ---p 00000000 00:00 0 
7fb82d30b000-7fb82d57b000 rwxp 00000000 00:00 0 
7fb82d57b000-7fb834843000 ---p 00000000 00:00 0 
7fb834843000-7fb83bbf2000 r--s 00000000 08:05 1114452                    /usr/lib/jvm/java-9-openjdk-amd64/lib/modules
7fb83bbf2000-7fb83bbf7000 r-xp 00000000 08:05 1133971                    /usr/lib/jvm/java-9-openjdk-amd64/lib/amd64/libjimage.so
7fb83bbf7000-7fb83bdf6000 ---p 00005000 08:05 1133971                    /usr/lib/jvm/java-9-openjdk-amd64/lib/amd64/libjimage.so
7fb83bdf6000-7fb83bdf7000 r--p 00004000 08:05 1133971                    /usr/lib/jvm/java-9-openjdk-amd64/lib/amd64/libjimage.so
7fb83bdf7000-7fb83bdf8000 rw-p 00005000 08:05 1133971                    /usr/lib/jvm/java-9-openjdk-amd64/lib/amd64/libjimage.so
7fb83bdf8000-7fb83bdff000 r-xp 00000000 08:05 1133967                    /usr/lib/jvm/java-9-openjdk-amd64/lib/amd64/libzip.so
7fb83bdff000-7fb83bffe000 ---p 00007000 08:05 1133967                    /usr/lib/jvm/java-9-openjdk-amd64/lib/amd64/libzip.so
7fb83bffe000-7fb83bfff000 r--p 00006000 08:05 1133967                    /usr/lib/jvm/java-9-openjdk-amd64/lib/amd64/libzip.so
7fb83bfff000-7fb83c000000 rw-p 00007000 08:05 1133967                    /usr/lib/jvm/java-9-openjdk-amd64/lib/amd64/libzip.so
7fb83c000000-7fb83c48a000 rw-p 00000000 00:00 0 
7fb83c48a000-7fb840000000 ---p 00000000 00:00 0 
7fb840028000-7fb840033000 r-xp 00000000 08:05 191945                     /lib/x86_64-linux-gnu/libnss_files-2.23.so
7fb840033000-7fb840232000 ---p 0000b000 08:05 191945                     /lib/x86_64-linux-gnu/libnss_files-2.23.so
7fb840232000-7fb840233000 r--p 0000a000 08:05 191945                     /lib/x86_64-linux-gnu/libnss_files-2.23.so
7fb840233000-7fb840234000 rw-p 0000b000 08:05 191945                     /lib/x86_64-linux-gnu/libnss_files-2.23.so
7fb840234000-7fb84023a000 rw-p 00000000 00:00 0 
7fb84023a000-7fb840245000 r-xp 00000000 08:05 191949                     /lib/x86_64-linux-gnu/libnss_nis-2.23.so
7fb840245000-7fb840444000 ---p 0000b000 08:05 191949                     /lib/x86_64-linux-gnu/libnss_nis-2.23.so
7fb840444000-7fb840445000 r--p 0000a000 08:05 191949                     /lib/x86_64-linux-gnu/libnss_nis-2.23.so
7fb840445000-7fb840446000 rw-p 0000b000 08:05 191949                     /lib/x86_64-linux-gnu/libnss_nis-2.23.so
7fb840446000-7fb84045c000 r-xp 00000000 08:05 137237                     /lib/x86_64-linux-gnu/libnsl-2.23.so
7fb84045c000-7fb84065b000 ---p 00016000 08:05 137237                     /lib/x86_64-linux-gnu/libnsl-2.23.so
7fb84065b000-7fb84065c000 r--p 00015000 08:05 137237                     /lib/x86_64-linux-gnu/libnsl-2.23.so
7fb84065c000-7fb84065d000 rw-p 00016000 08:05 137237                     /lib/x86_64-linux-gnu/libnsl-2.23.so
7fb84065d000-7fb84065f000 rw-p 00000000 00:00 0 
7fb84065f000-7fb840667000 r-xp 00000000 08:05 191940                     /lib/x86_64-linux-gnu/libnss_compat-2.23.so
7fb840667000-7fb840866000 ---p 00008000 08:05 191940                     /lib/x86_64-linux-gnu/libnss_compat-2.23.so
7fb840866000-7fb840867000 r--p 00007000 08:05 191940                     /lib/x86_64-linux-gnu/libnss_compat-2.23.so
7fb840867000-7fb840868000 rw-p 00008000 08:05 191940                     /lib/x86_64-linux-gnu/libnss_compat-2.23.so
7fb840868000-7fb840893000 r-xp 00000000 08:05 1114459                    /usr/lib/jvm/java-9-openjdk-amd64/lib/amd64/libjava.so
7fb840893000-7fb840a92000 ---p 0002b000 08:05 1114459                    /usr/lib/jvm/java-9-openjdk-amd64/lib/amd64/libjava.so
7fb840a92000-7fb840a93000 r--p 0002a000 08:05 1114459                    /usr/lib/jvm/java-9-openjdk-amd64/lib/amd64/libjava.so
7fb840a93000-7fb840a95000 rw-p 0002b000 08:05 1114459                    /usr/lib/jvm/java-9-openjdk-amd64/lib/amd64/libjava.so
7fb840a95000-7fb840aa2000 r-xp 00000000 08:05 1114460                    /usr/lib/jvm/java-9-openjdk-amd64/lib/amd64/libverify.so
7fb840aa2000-7fb840ca1000 ---p 0000d000 08:05 1114460                    /usr/lib/jvm/java-9-openjdk-amd64/lib/amd64/libverify.so
7fb840ca1000-7fb840ca3000 r--p 0000c000 08:05 1114460                    /usr/lib/jvm/java-9-openjdk-amd64/lib/amd64/libverify.so
7fb840ca3000-7fb840ca4000 rw-p 0000e000 08:05 1114460                    /usr/lib/jvm/java-9-openjdk-amd64/lib/amd64/libverify.so
7fb840ca4000-7fb840cab000 r-xp 00000000 08:05 191950                     /lib/x86_64-linux-gnu/librt-2.23.so
7fb840cab000-7fb840eaa000 ---p 00007000 08:05 191950                     /lib/x86_64-linux-gnu/librt-2.23.so
7fb840eaa000-7fb840eab000 r--p 00006000 08:05 191950                     /lib/x86_64-linux-gnu/librt-2.23.so
7fb840eab000-7fb840eac000 rw-p 00007000 08:05 191950                     /lib/x86_64-linux-gnu/librt-2.23.so
7fb840eac000-7fb840ec2000 r-xp 00000000 08:05 136570                     /lib/x86_64-linux-gnu/libgcc_s.so.1
7fb840ec2000-7fb8410c1000 ---p 00016000 08:05 136570                     /lib/x86_64-linux-gnu/libgcc_s.so.1
7fb8410c1000-7fb8410c2000 rw-p 00015000 08:05 136570                     /lib/x86_64-linux-gnu/libgcc_s.so.1
7fb8410c2000-7fb8411ca000 r-xp 00000000 08:05 137235                     /lib/x86_64-linux-gnu/libm-2.23.so
7fb8411ca000-7fb8413c9000 ---p 00108000 08:05 137235                     /lib/x86_64-linux-gnu/libm-2.23.so
7fb8413c9000-7fb8413ca000 r--p 00107000 08:05 137235                     /lib/x86_64-linux-gnu/libm-2.23.so
7fb8413ca000-7fb8413cb000 rw-p 00108000 08:05 137235                     /lib/x86_64-linux-gnu/libm-2.23.so
7fb8413cb000-7fb84153d000 r-xp 00000000 08:05 922412                     /usr/lib/x86_64-linux-gnu/libstdc++.so.6.0.21
7fb84153d000-7fb84173d000 ---p 00172000 08:05 922412                     /usr/lib/x86_64-linux-gnu/libstdc++.so.6.0.21
7fb84173d000-7fb841747000 r--p 00172000 08:05 922412                     /usr/lib/x86_64-linux-gnu/libstdc++.so.6.0.21
7fb841747000-7fb841749000 rw-p 0017c000 08:05 922412                     /usr/lib/x86_64-linux-gnu/libstdc++.so.6.0.21
7fb841749000-7fb84174d000 rw-p 00000000 00:00 0 
7fb84174d000-7fb8425ab000 r-xp 00000000 08:05 1133964                    /usr/lib/jvm/java-9-openjdk-amd64/lib/amd64/server/libjvm.so
7fb8425ab000-7fb8427ab000 ---p 00e5e000 08:05 1133964                    /usr/lib/jvm/java-9-openjdk-amd64/lib/amd64/server/libjvm.so
7fb8427ab000-7fb84285d000 r--p 00e5e000 08:05 1133964                    /usr/lib/jvm/java-9-openjdk-amd64/lib/amd64/server/libjvm.so
7fb84285d000-7fb84288f000 rw-p 00f10000 08:05 1133964                    /usr/lib/jvm/java-9-openjdk-amd64/lib/amd64/server/libjvm.so
7fb84288f000-7fb8428d4000 rw-p 00000000 00:00 0 
7fb8428d4000-7fb8428ec000 r-xp 00000000 08:05 191928                     /lib/x86_64-linux-gnu/libpthread-2.23.so
7fb8428ec000-7fb842aeb000 ---p 00018000 08:05 191928                     /lib/x86_64-linux-gnu/libpthread-2.23.so
7fb842aeb000-7fb842aec000 r--p 00017000 08:05 191928                     /lib/x86_64-linux-gnu/libpthread-2.23.so
7fb842aec000-7fb842aed000 rw-p 00018000 08:05 191928                     /lib/x86_64-linux-gnu/libpthread-2.23.so
7fb842aed000-7fb842af1000 rw-p 00000000 00:00 0 
7fb842af1000-7fb842af4000 r-xp 00000000 08:05 191934                     /lib/x86_64-linux-gnu/libdl-2.23.so
7fb842af4000-7fb842cf3000 ---p 00003000 08:05 191934                     /lib/x86_64-linux-gnu/libdl-2.23.so
7fb842cf3000-7fb842cf4000 r--p 00002000 08:05 191934                     /lib/x86_64-linux-gnu/libdl-2.23.so
7fb842cf4000-7fb842cf5000 rw-p 00003000 08:05 191934                     /lib/x86_64-linux-gnu/libdl-2.23.so
7fb842cf5000-7fb842d0e000 r-xp 00000000 08:05 131100                     /lib/x86_64-linux-gnu/libz.so.1.2.8
7fb842d0e000-7fb842f0d000 ---p 00019000 08:05 131100                     /lib/x86_64-linux-gnu/libz.so.1.2.8
7fb842f0d000-7fb842f0e000 r--p 00018000 08:05 131100                     /lib/x86_64-linux-gnu/libz.so.1.2.8
7fb842f0e000-7fb842f0f000 rw-p 00019000 08:05 131100                     /lib/x86_64-linux-gnu/libz.so.1.2.8
7fb842f0f000-7fb8430cf000 r-xp 00000000 08:05 191932                     /lib/x86_64-linux-gnu/libc-2.23.so
7fb8430cf000-7fb8432cf000 ---p 001c0000 08:05 191932                     /lib/x86_64-linux-gnu/libc-2.23.so
7fb8432cf000-7fb8432d3000 r--p 001c0000 08:05 191932                     /lib/x86_64-linux-gnu/libc-2.23.so
7fb8432d3000-7fb8432d5000 rw-p 001c4000 08:05 191932                     /lib/x86_64-linux-gnu/libc-2.23.so
7fb8432d5000-7fb8432d9000 rw-p 00000000 00:00 0 
7fb8432d9000-7fb8432e7000 r-xp 00000000 08:05 1133980                    /usr/lib/jvm/java-9-openjdk-amd64/lib/amd64/jli/libjli.so
7fb8432e7000-7fb8434e6000 ---p 0000e000 08:05 1133980                    /usr/lib/jvm/java-9-openjdk-amd64/lib/amd64/jli/libjli.so
7fb8434e6000-7fb8434e7000 r--p 0000d000 08:05 1133980                    /usr/lib/jvm/java-9-openjdk-amd64/lib/amd64/jli/libjli.so
7fb8434e7000-7fb8434e8000 rw-p 0000e000 08:05 1133980                    /usr/lib/jvm/java-9-openjdk-amd64/lib/amd64/jli/libjli.so
7fb8434e8000-7fb84350e000 r-xp 00000000 08:05 185942                     /lib/x86_64-linux-gnu/ld-2.23.so
7fb843514000-7fb8435e5000 rw-p 00000000 00:00 0 
7fb8435e5000-7fb8435e9000 ---p 00000000 00:00 0 
7fb8435e9000-7fb8436ea000 rw-p 00000000 00:00 0 
7fb8436f6000-7fb8436fb000 rw-p 00000000 00:00 0 
7fb8436fb000-7fb843702000 ---p 00000000 00:00 0 
7fb843702000-7fb84370a000 rw-s 00000000 08:05 848646                     /tmp/hsperfdata_bwaters/15353
7fb84370a000-7fb84370b000 rw-p 00000000 00:00 0 
7fb84370b000-7fb84370c000 ---p 00000000 00:00 0 
7fb84370c000-7fb84370d000 rw-p 00000000 00:00 0 
7fb84370d000-7fb84370e000 r--p 00025000 08:05 185942                     /lib/x86_64-linux-gnu/ld-2.23.so
7fb84370e000-7fb84370f000 rw-p 00026000 08:05 185942                     /lib/x86_64-linux-gnu/ld-2.23.so
7fb84370f000-7fb843710000 rw-p 00000000 00:00 0 
7ffc2c202000-7ffc2c223000 rw-p 00000000 00:00 0                          [stack]
7ffc2c284000-7ffc2c287000 r--p 00000000 00:00 0                          [vvar]
7ffc2c287000-7ffc2c289000 r-xp 00000000 00:00 0                          [vdso]
ffffffffff600000-ffffffffff601000 r-xp 00000000 00:00 0                  [vsyscall]

VM Arguments:
jvm_args: -XX:ParallelGCThreads=2 -Xmx500m 
java_command: ark-tweet-nlp-0.3.2.jar --output-format conll
java_class_path (initial): ark-tweet-nlp-0.3.2.jar
Launcher Type: SUN_STANDARD

Environment Variables:
JAVA_HOME=/usr/lib/jvm/java-8-openjdk-amd64
PATH=/home/bwaters/.cargo/bin:/home/bwaters/bin:/home/bwaters/.local/bin:/usr/local/sbin:/usr/local/bin:/usr/sbin:/usr/bin:/sbin:/bin:/usr/games:/usr/local/games:/snap/bin
LD_LIBRARY_PATH=/home/bwaters/programs/pycharm-community-2016.3.2/bin:
SHELL=/bin/bash
DISPLAY=:0

Signal Handlers:
SIGSEGV: [libjvm.so+0xc12c20], sa_mask[0]=11111111011111111101111111111110, sa_flags=SA_RESTART|SA_SIGINFO
SIGBUS: [libjvm.so+0xc12c20], sa_mask[0]=11111111011111111101111111111110, sa_flags=SA_RESTART|SA_SIGINFO
SIGFPE: [libjvm.so+0xc12c20], sa_mask[0]=11111111011111111101111111111110, sa_flags=SA_RESTART|SA_SIGINFO
SIGPIPE: [libjvm.so+0xa3b600], sa_mask[0]=11111111011111111101111111111110, sa_flags=SA_RESTART|SA_SIGINFO
SIGXFSZ: [libjvm.so+0xa3b600], sa_mask[0]=11111111011111111101111111111110, sa_flags=SA_RESTART|SA_SIGINFO
SIGILL: [libjvm.so+0xc12c20], sa_mask[0]=11111111011111111101111111111110, sa_flags=SA_RESTART|SA_SIGINFO
SIGUSR2: [libjvm.so+0xa3b4a0], sa_mask[0]=00100000000000000000000000000000, sa_flags=SA_RESTART|SA_SIGINFO
SIGHUP: [libjvm.so+0xa3b870], sa_mask[0]=11111111011111111101111111111110, sa_flags=SA_RESTART|SA_SIGINFO
SIGINT: [libjvm.so+0xa3b870], sa_mask[0]=11111111011111111101111111111110, sa_flags=SA_RESTART|SA_SIGINFO
SIGTERM: [libjvm.so+0xa3b870], sa_mask[0]=11111111011111111101111111111110, sa_flags=SA_RESTART|SA_SIGINFO
SIGQUIT: [libjvm.so+0xa3b870], sa_mask[0]=11111111011111111101111111111110, sa_flags=SA_RESTART|SA_SIGINFO


---------------  S Y S T E M  ---------------

OS:DISTRIB_ID=Ubuntu
DISTRIB_RELEASE=16.04
DISTRIB_CODENAME=xenial
DISTRIB_DESCRIPTION="Ubuntu 16.04.1 LTS"
uname:Linux 4.4.0-112-generic #135-Ubuntu SMP Fri Jan 19 11:48:36 UTC 2018 x86_64
libc:glibc 2.23 NPTL 2.23 
rlimit: STACK 8192k, CORE 0k, NPROC 15357, NOFILE 65536, AS infinity
load average:2.02 1.15 0.92

/proc/meminfo:
MemTotal:        3970264 kB
MemFree:          113984 kB
MemAvailable:      22044 kB
Buffers:             268 kB
Cached:            44036 kB
SwapCached:        20164 kB
Active:          2684772 kB
Inactive:         892976 kB
Active(anon):    2679324 kB
Inactive(anon):   884504 kB
Active(file):       5448 kB
Inactive(file):     8472 kB
Unevictable:          48 kB
Mlocked:              48 kB
SwapTotal:       4116476 kB
SwapFree:              0 kB
Dirty:                92 kB
Writeback:             0 kB
AnonPages:       3514532 kB
Mapped:           103240 kB
Shmem:             30140 kB
Slab:              86872 kB
SReclaimable:      40620 kB
SUnreclaim:        46252 kB
KernelStack:       14128 kB
PageTables:        62912 kB
NFS_Unstable:          0 kB
Bounce:                0 kB
WritebackTmp:          0 kB
CommitLimit:     6101608 kB
Committed_AS:   14629852 kB
VmallocTotal:   34359738367 kB
VmallocUsed:           0 kB
VmallocChunk:          0 kB
HardwareCorrupted:     0 kB
AnonHugePages:    917504 kB
CmaTotal:              0 kB
CmaFree:               0 kB
HugePages_Total:       0
HugePages_Free:        0
HugePages_Rsvd:        0
HugePages_Surp:        0
Hugepagesize:       2048 kB
DirectMap4k:      364924 kB
DirectMap2M:     3753984 kB


CPU:total 4 (2 cores per cpu, 2 threads per core) family 6 model 37 stepping 5, cmov, cx8, fxsr, mmx, sse, sse2, sse3, ssse3, sse4.1, sse4.2, popcnt, aes, clmul, ht, tsc, tscinvbit

CPU Model and flags from /proc/cpuinfo:
model name	: Intel(R) Core(TM) i7 CPU       M 640  @ 2.80GHz
flags		: fpu vme de pse tsc msr pae mce cx8 apic sep mtrr pge mca cmov pat pse36 clflush dts acpi mmx fxsr sse sse2 ss ht tm pbe syscall nx rdtscp lm constant_tsc arch_perfmon pebs bts rep_good nopl xtopology nonstop_tsc aperfmperf pni pclmulqdq dtes64 monitor ds_cpl vmx smx est tm2 ssse3 cx16 xtpr pdcm pcid sse4_1 sse4_2 popcnt aes lahf_lm kaiser tpr_shadow vnmi flexpriority ept vpid dtherm ida arat

Memory: 4k page, physical 3970264k(104932k free), swap 4116476k(0k free)

vm_info: OpenJDK 64-Bit Server VM (9-internal+0-2016-04-14-195246.buildd.src) for linux-amd64 JRE (9-internal+0-2016-04-14-195246.buildd.src), built on Apr 14 2016 20:05:37 by "buildd" with gcc 5.3.1 20160413

END.
